Connecting to database specified by database.yml


Started GET "/taches" for 192.168.0.73 at 2012-11-02 08:52:48 +0100
Processing by TachesController#index as HTML
  [1m[36mUser Load (5.1ms)[0m  [1mSELECT "users".* FROM "users" WHERE "users"."id" = 1 LIMIT 1[0m
  [1m[35mCompte Load (1.3ms)[0m  SELECT societe FROM "comptes" 
  [1m[36mContact Load (1.2ms)[0m  [1mSELECT nom FROM "contacts" [0m
  [1m[35mUser Load (2.6ms)[0m  SELECT "users".* FROM "users" ORDER BY email ASC
  Rendered taches/_filter.html.erb (16.6ms)
  Rendered taches/_titre.html.erb (2.9ms)
  [1m[36mTache Load (2.8ms)[0m  [1mSELECT "taches".* FROM "taches" WHERE (user_id =1 AND statut IN ('En cours','A faire')) ORDER BY statut ASC ,echeance ASC LIMIT 10 OFFSET 0[0m
  [1m[35mCompte Load (1.4ms)[0m  SELECT "comptes".* FROM "comptes" WHERE "comptes"."id" = 5 LIMIT 1
  [1m[36mContact Load (1.0ms)[0m  [1mSELECT "contacts".* FROM "contacts" WHERE "contacts"."id" = 28 LIMIT 1[0m
  [1m[35mCACHE (0.0ms)[0m  SELECT "users".* FROM "users" WHERE "users"."id" = 1 LIMIT 1
DEPRECATION WARNING: :confirm option is deprecated and will be removed from Rails 4.0. Use ':data => { :confirm => 'Text' }' instead. (called from block in _app_views_taches_index_html_erb___4287904101066577835_13078280 at /root/dev/crm/app/views/taches/index.html.erb:43)
  [1m[36mCompte Load (0.9ms)[0m  [1mSELECT "comptes".* FROM "comptes" WHERE "comptes"."id" = 2 LIMIT 1[0m
  [1m[35mContact Load (0.8ms)[0m  SELECT "contacts".* FROM "contacts" WHERE "contacts"."id" = 5 LIMIT 1
  [1m[36mCACHE (0.0ms)[0m  [1mSELECT "users".* FROM "users" WHERE "users"."id" = 1 LIMIT 1[0m
DEPRECATION WARNING: :confirm option is deprecated and will be removed from Rails 4.0. Use ':data => { :confirm => 'Text' }' instead. (called from block in _app_views_taches_index_html_erb___4287904101066577835_13078280 at /root/dev/crm/app/views/taches/index.html.erb:43)
  [1m[35mCompte Load (0.9ms)[0m  SELECT "comptes".* FROM "comptes" WHERE "comptes"."id" = 1 LIMIT 1
  [1m[36mCACHE (0.0ms)[0m  [1mSELECT "users".* FROM "users" WHERE "users"."id" = 1 LIMIT 1[0m
DEPRECATION WARNING: :confirm option is deprecated and will be removed from Rails 4.0. Use ':data => { :confirm => 'Text' }' instead. (called from block in _app_views_taches_index_html_erb___4287904101066577835_13078280 at /root/dev/crm/app/views/taches/index.html.erb:43)
  [1m[35mCACHE (0.0ms)[0m  SELECT "comptes".* FROM "comptes" WHERE "comptes"."id" = 1 LIMIT 1
  [1m[36mContact Load (1.5ms)[0m  [1mSELECT "contacts".* FROM "contacts" WHERE "contacts"."id" = 13 LIMIT 1[0m
  [1m[35mCACHE (0.0ms)[0m  SELECT "users".* FROM "users" WHERE "users"."id" = 1 LIMIT 1
DEPRECATION WARNING: :confirm option is deprecated and will be removed from Rails 4.0. Use ':data => { :confirm => 'Text' }' instead. (called from block in _app_views_taches_index_html_erb___4287904101066577835_13078280 at /root/dev/crm/app/views/taches/index.html.erb:43)
  [1m[36mCACHE (0.0ms)[0m  [1mSELECT "comptes".* FROM "comptes" WHERE "comptes"."id" = 5 LIMIT 1[0m
  [1m[35mCACHE (0.0ms)[0m  SELECT "contacts".* FROM "contacts" WHERE "contacts"."id" = 28 LIMIT 1
  [1m[36mCACHE (0.0ms)[0m  [1mSELECT "users".* FROM "users" WHERE "users"."id" = 1 LIMIT 1[0m
DEPRECATION WARNING: :confirm option is deprecated and will be removed from Rails 4.0. Use ':data => { :confirm => 'Text' }' instead. (called from block in _app_views_taches_index_html_erb___4287904101066577835_13078280 at /root/dev/crm/app/views/taches/index.html.erb:43)
  [1m[35m (0.8ms)[0m  SELECT COUNT(*) FROM "taches" WHERE (user_id =1 AND statut IN ('En cours','A faire'))
  Rendered taches/index.html.erb within layouts/application (490.6ms)
  [1m[36mCACHE (0.0ms)[0m  [1mSELECT societe FROM "comptes" [0m
  Rendered shared/_menu.html.erb (382.6ms)
  Rendered shared/_message.html.erb (4.7ms)
  Rendered shared/_footer.html.erb (7.6ms)
Completed 200 OK in 1804ms (Views: 1078.5ms | ActiveRecord: 164.2ms)


Started GET "/taches/new" for 192.168.0.73 at 2012-11-02 08:52:54 +0100
Processing by TachesController#new as HTML
  [1m[35mUser Load (1.7ms)[0m  SELECT "users".* FROM "users" WHERE "users"."id" = 1 LIMIT 1
  [1m[36mCompte Load (1.6ms)[0m  [1mSELECT "comptes".* FROM "comptes" ORDER BY societe ASC[0m
  [1m[35mContact Load (1.1ms)[0m  SELECT "contacts".* FROM "contacts" WHERE "contacts"."compte_id" = 0
  Rendered taches/_contacts.html.erb (9.0ms)
  [1m[36mUser Load (1.1ms)[0m  [1mSELECT "users".* FROM "users" [0m
  [1m[35mType Load (2.2ms)[0m  SELECT "types".* FROM "types" ORDER BY libelle
  Rendered taches/_form.html.erb (629.0ms)
  Rendered taches/new.html.erb within layouts/application (633.0ms)
Completed 500 Internal Server Error in 661ms

ActionController::RoutingError (No route matches {:action=>"show", :controller=>"taches", :id=>#<Tache id: nil, notes: nil, statut: nil, created_at: nil, created_by: nil, modified_at: nil, modified_by: nil, updated_at: nil, contact_id: nil, compte_id: nil, user_id: 1, echeance: nil, fichier_joint_file_name: nil, fichier_joint_content_type: nil, fichier_joint_file_size: nil, fichier_joint_updated_at: nil>}):
  app/views/taches/_form.html.erb:78:in `block in _app_views_taches__form_html_erb___1008224002311459371_38769280'
  app/views/taches/_form.html.erb:1:in `_app_views_taches__form_html_erb___1008224002311459371_38769280'
  app/views/taches/new.html.erb:7:in `_app_views_taches_new_html_erb___3180527108215626255_38749820'
  app/controllers/taches_controller.rb:40:in `new'


  Rendered /usr/local/lib/ruby/gems/1.9.1/gems/actionpack-3.2.6/lib/action_dispatch/middleware/templates/rescues/routing_error.erb within rescues/layout (1.8ms)


Started GET "/taches/new" for 192.168.0.73 at 2012-11-02 08:53:52 +0100
Processing by TachesController#new as HTML
  [1m[36mUser Load (1.2ms)[0m  [1mSELECT "users".* FROM "users" WHERE "users"."id" = 1 LIMIT 1[0m
  [1m[35mCompte Load (1.5ms)[0m  SELECT "comptes".* FROM "comptes" ORDER BY societe ASC
  [1m[36mContact Load (0.8ms)[0m  [1mSELECT "contacts".* FROM "contacts" WHERE "contacts"."compte_id" = 0[0m
  Rendered taches/_contacts.html.erb (3.2ms)
  [1m[35mUser Load (0.7ms)[0m  SELECT "users".* FROM "users" 
  [1m[36mType Load (0.9ms)[0m  [1mSELECT "types".* FROM "types" ORDER BY libelle[0m
  Rendered taches/_form.html.erb (36.7ms)
  Rendered taches/new.html.erb within layouts/application (39.0ms)
Completed 500 Internal Server Error in 51ms

ActionController::RoutingError (No route matches {:action=>"show", :controller=>"taches", :id=>#<Tache id: nil, notes: nil, statut: nil, created_at: nil, created_by: nil, modified_at: nil, modified_by: nil, updated_at: nil, contact_id: nil, compte_id: nil, user_id: 1, echeance: nil, fichier_joint_file_name: nil, fichier_joint_content_type: nil, fichier_joint_file_size: nil, fichier_joint_updated_at: nil>}):
  app/views/taches/_form.html.erb:78:in `block in _app_views_taches__form_html_erb___1008224002311459371_37725180'
  app/views/taches/_form.html.erb:1:in `_app_views_taches__form_html_erb___1008224002311459371_37725180'
  app/views/taches/new.html.erb:7:in `_app_views_taches_new_html_erb___3180527108215626255_38749820'
  app/controllers/taches_controller.rb:40:in `new'


  Rendered /usr/local/lib/ruby/gems/1.9.1/gems/actionpack-3.2.6/lib/action_dispatch/middleware/templates/rescues/routing_error.erb within rescues/layout (2.0ms)


Started GET "/taches/new" for 192.168.0.73 at 2012-11-02 08:53:53 +0100
Processing by TachesController#new as HTML
  [1m[35mUser Load (1.0ms)[0m  SELECT "users".* FROM "users" WHERE "users"."id" = 1 LIMIT 1
  [1m[36mCompte Load (1.2ms)[0m  [1mSELECT "comptes".* FROM "comptes" ORDER BY societe ASC[0m
  [1m[35mContact Load (0.7ms)[0m  SELECT "contacts".* FROM "contacts" WHERE "contacts"."compte_id" = 0
  Rendered taches/_contacts.html.erb (3.1ms)
  [1m[36mUser Load (0.9ms)[0m  [1mSELECT "users".* FROM "users" [0m
  [1m[35mType Load (1.4ms)[0m  SELECT "types".* FROM "types" ORDER BY libelle
  Rendered taches/_form.html.erb (30.0ms)
  Rendered taches/new.html.erb within layouts/application (31.5ms)
Completed 500 Internal Server Error in 41ms

ActionController::RoutingError (No route matches {:action=>"show", :controller=>"taches", :id=>#<Tache id: nil, notes: nil, statut: nil, created_at: nil, created_by: nil, modified_at: nil, modified_by: nil, updated_at: nil, contact_id: nil, compte_id: nil, user_id: 1, echeance: nil, fichier_joint_file_name: nil, fichier_joint_content_type: nil, fichier_joint_file_size: nil, fichier_joint_updated_at: nil>}):
  app/views/taches/_form.html.erb:78:in `block in _app_views_taches__form_html_erb___1008224002311459371_37725180'
  app/views/taches/_form.html.erb:1:in `_app_views_taches__form_html_erb___1008224002311459371_37725180'
  app/views/taches/new.html.erb:7:in `_app_views_taches_new_html_erb___3180527108215626255_38749820'
  app/controllers/taches_controller.rb:40:in `new'


  Rendered /usr/local/lib/ruby/gems/1.9.1/gems/actionpack-3.2.6/lib/action_dispatch/middleware/templates/rescues/routing_error.erb within rescues/layout (1.9ms)


Started GET "/taches" for 192.168.0.73 at 2012-11-02 08:55:32 +0100
Processing by TachesController#index as HTML
Completed 401 Unauthorized in 2ms


Started GET "/user/login" for 192.168.0.73 at 2012-11-02 08:55:34 +0100
Processing by Devise::SessionsController#new as HTML
  Rendered devise/_links.erb (4.6ms)
  Rendered devise/sessions/new.html.erb within layouts/layout_for_sessions_controller (19.8ms)
Completed 200 OK in 45ms (Views: 32.3ms | ActiveRecord: 0.0ms)


Started GET "/comptes" for 192.168.0.73 at 2012-11-02 09:08:11 +0100
Processing by ComptesController#index as HTML
  [1m[36mUser Load (5.1ms)[0m  [1mSELECT "users".* FROM "users" WHERE "users"."id" = 1 LIMIT 1[0m
  [1m[35mCompte Load (1.0ms)[0m  SELECT societe FROM "comptes" 
  [1m[36mContact Load (0.8ms)[0m  [1mSELECT nom FROM "contacts" [0m
  Rendered comptes/_filter.html.erb (9.9ms)
  Rendered comptes/_titre.html.erb (3.7ms)
  [1m[35mCompte Load (3.2ms)[0m  SELECT "comptes".* FROM "comptes" ORDER BY societe LIMIT 10 OFFSET 0
  [1m[36m (1.4ms)[0m  [1mSELECT COUNT(*) FROM "comptes" [0m
  Rendered comptes/index.html.erb within layouts/application (51.3ms)
  [1m[35mCACHE (0.0ms)[0m  SELECT societe FROM "comptes" 
  Rendered shared/_menu.html.erb (394.8ms)
  Rendered shared/_message.html.erb (1.0ms)
  Rendered shared/_footer.html.erb (0.4ms)
Completed 200 OK in 494ms (Views: 470.4ms | ActiveRecord: 11.5ms)


Started GET "/comptes/new" for 192.168.0.73 at 2012-11-02 09:08:16 +0100
Processing by ComptesController#new as HTML
  [1m[36mUser Load (1.3ms)[0m  [1mSELECT "users".* FROM "users" WHERE "users"."id" = 1 LIMIT 1[0m
  [1m[35mOrigine Load (4.5ms)[0m  SELECT "origines".* FROM "origines" ORDER BY nom ASC
  [1m[36mProduit Load (1.9ms)[0m  [1mSELECT "produits".* FROM "produits" INNER JOIN "comptes_produits" ON "produits"."id" = "comptes_produits"."produit_id" WHERE "comptes_produits"."compte_id" IS NULL ORDER BY nom ASC[0m
  [1m[35mProduit Load (1.4ms)[0m  SELECT "produits".* FROM "produits" ORDER BY nom ASC
  [1m[36mCACHE (0.0ms)[0m  [1mSELECT "produits".* FROM "produits" INNER JOIN "comptes_produits" ON "produits"."id" = "comptes_produits"."produit_id" WHERE "comptes_produits"."compte_id" IS NULL ORDER BY nom ASC[0m
  Rendered comptes/_modal_produits.html.erb (39.1ms)
  [1m[35mUser Load (1.0ms)[0m  SELECT "users".* FROM "users" 
DEPRECATION WARNING: :confirm option is deprecated and will be removed from Rails 4.0. Use ':data => { :confirm => 'Text' }' instead. (called from block in _app_views_comptes__form_html_erb__4539645542853062846_38457600 at /root/dev/crm/app/views/comptes/_form.html.erb:89)
  Rendered comptes/_form.html.erb (388.2ms)
  Rendered comptes/new.html.erb within layouts/application (394.1ms)
  [1m[36mCompte Load (0.7ms)[0m  [1mSELECT societe FROM "comptes" [0m
  Rendered shared/_menu.html.erb (502.0ms)
  Rendered shared/_message.html.erb (1.1ms)
  Rendered shared/_footer.html.erb (0.3ms)
Completed 200 OK in 943ms (Views: 887.1ms | ActiveRecord: 41.8ms)


Started GET "/taches/86/edit" for 192.168.0.73 at 2012-11-02 09:08:32 +0100
Processing by TachesController#edit as HTML
  Parameters: {"id"=>"86"}
  [1m[35mUser Load (1.4ms)[0m  SELECT "users".* FROM "users" WHERE "users"."id" = 1 LIMIT 1
  [1m[36mTache Load (2.5ms)[0m  [1mSELECT "taches".* FROM "taches" WHERE "taches"."id" = $1 LIMIT 1[0m  [["id", "86"]]
  [1m[35mCompte Load (2.5ms)[0m  SELECT "comptes".* FROM "comptes" ORDER BY societe ASC
  [1m[36mCompte Load (1.2ms)[0m  [1mSELECT "comptes".* FROM "comptes" WHERE "comptes"."id" = 5 LIMIT 1[0m
  [1m[35mContact Load (1.1ms)[0m  SELECT "contacts".* FROM "contacts" WHERE "contacts"."compte_id" = 5 ORDER BY nom
  Rendered taches/_contacts.html.erb (12.7ms)
  [1m[36mUser Load (2.4ms)[0m  [1mSELECT "users".* FROM "users" [0m
  [1m[35mType Load (1.4ms)[0m  SELECT "types".* FROM "types" ORDER BY libelle
DEPRECATION WARNING: :confirm option is deprecated and will be removed from Rails 4.0. Use ':data => { :confirm => 'Text' }' instead. (called from block in _app_views_taches__form_html_erb___1008224002311459371_37725180 at /root/dev/crm/app/views/taches/_form.html.erb:78)
  Rendered taches/_form.html.erb (70.7ms)
  Rendered taches/edit.html.erb within layouts/application (79.1ms)
  [1m[36mCompte Load (0.9ms)[0m  [1mSELECT societe FROM "comptes" [0m
  Rendered shared/_menu.html.erb (413.1ms)
  Rendered shared/_message.html.erb (0.5ms)
  Rendered shared/_footer.html.erb (0.2ms)
Completed 200 OK in 532ms (Views: 507.2ms | ActiveRecord: 13.4ms)


Started GET "/taches" for 192.168.0.73 at 2012-11-02 09:09:26 +0100
Processing by TachesController#index as HTML
  [1m[35mUser Load (1.0ms)[0m  SELECT "users".* FROM "users" WHERE "users"."id" = 1 LIMIT 1
  [1m[36mCompte Load (0.8ms)[0m  [1mSELECT societe FROM "comptes" [0m
  [1m[35mContact Load (0.5ms)[0m  SELECT nom FROM "contacts" 
  [1m[36mUser Load (1.4ms)[0m  [1mSELECT "users".* FROM "users" ORDER BY email ASC[0m
  Rendered taches/_filter.html.erb (12.6ms)
  Rendered taches/_titre.html.erb (2.1ms)
  [1m[35mTache Load (1.5ms)[0m  SELECT "taches".* FROM "taches" WHERE (user_id =1 AND statut IN ('En cours','A faire')) ORDER BY statut ASC ,echeance ASC LIMIT 10 OFFSET 0
  [1m[36mCompte Load (0.9ms)[0m  [1mSELECT "comptes".* FROM "comptes" WHERE "comptes"."id" = 5 LIMIT 1[0m
  [1m[35mContact Load (0.7ms)[0m  SELECT "contacts".* FROM "contacts" WHERE "contacts"."id" = 28 LIMIT 1
  [1m[36mCACHE (0.0ms)[0m  [1mSELECT "users".* FROM "users" WHERE "users"."id" = 1 LIMIT 1[0m
DEPRECATION WARNING: :confirm option is deprecated and will be removed from Rails 4.0. Use ':data => { :confirm => 'Text' }' instead. (called from block in _app_views_taches_index_html_erb___4287904101066577835_13078280 at /root/dev/crm/app/views/taches/index.html.erb:43)
  [1m[35mCompte Load (1.1ms)[0m  SELECT "comptes".* FROM "comptes" WHERE "comptes"."id" = 2 LIMIT 1
  [1m[36mContact Load (0.8ms)[0m  [1mSELECT "contacts".* FROM "contacts" WHERE "contacts"."id" = 5 LIMIT 1[0m
  [1m[35mCACHE (0.0ms)[0m  SELECT "users".* FROM "users" WHERE "users"."id" = 1 LIMIT 1
DEPRECATION WARNING: :confirm option is deprecated and will be removed from Rails 4.0. Use ':data => { :confirm => 'Text' }' instead. (called from block in _app_views_taches_index_html_erb___4287904101066577835_13078280 at /root/dev/crm/app/views/taches/index.html.erb:43)
  [1m[36mCompte Load (1.0ms)[0m  [1mSELECT "comptes".* FROM "comptes" WHERE "comptes"."id" = 1 LIMIT 1[0m
  [1m[35mCACHE (0.0ms)[0m  SELECT "users".* FROM "users" WHERE "users"."id" = 1 LIMIT 1
DEPRECATION WARNING: :confirm option is deprecated and will be removed from Rails 4.0. Use ':data => { :confirm => 'Text' }' instead. (called from block in _app_views_taches_index_html_erb___4287904101066577835_13078280 at /root/dev/crm/app/views/taches/index.html.erb:43)
  [1m[36mCACHE (0.0ms)[0m  [1mSELECT "comptes".* FROM "comptes" WHERE "comptes"."id" = 1 LIMIT 1[0m
  [1m[35mContact Load (0.8ms)[0m  SELECT "contacts".* FROM "contacts" WHERE "contacts"."id" = 13 LIMIT 1
  [1m[36mCACHE (0.0ms)[0m  [1mSELECT "users".* FROM "users" WHERE "users"."id" = 1 LIMIT 1[0m
DEPRECATION WARNING: :confirm option is deprecated and will be removed from Rails 4.0. Use ':data => { :confirm => 'Text' }' instead. (called from block in _app_views_taches_index_html_erb___4287904101066577835_13078280 at /root/dev/crm/app/views/taches/index.html.erb:43)
  [1m[35mCACHE (0.0ms)[0m  SELECT "comptes".* FROM "comptes" WHERE "comptes"."id" = 5 LIMIT 1
  [1m[36mCACHE (0.0ms)[0m  [1mSELECT "contacts".* FROM "contacts" WHERE "contacts"."id" = 28 LIMIT 1[0m
  [1m[35mCACHE (0.0ms)[0m  SELECT "users".* FROM "users" WHERE "users"."id" = 1 LIMIT 1
DEPRECATION WARNING: :confirm option is deprecated and will be removed from Rails 4.0. Use ':data => { :confirm => 'Text' }' instead. (called from block in _app_views_taches_index_html_erb___4287904101066577835_13078280 at /root/dev/crm/app/views/taches/index.html.erb:43)
  [1m[36m (1.1ms)[0m  [1mSELECT COUNT(*) FROM "taches" WHERE (user_id =1 AND statut IN ('En cours','A faire'))[0m
  Rendered taches/index.html.erb within layouts/application (103.4ms)
  [1m[35mCACHE (0.0ms)[0m  SELECT societe FROM "comptes" 
  Rendered shared/_menu.html.erb (519.3ms)
  Rendered shared/_message.html.erb (1.0ms)
  Rendered shared/_footer.html.erb (0.6ms)
Completed 200 OK in 673ms (Views: 643.9ms | ActiveRecord: 11.6ms)


Started GET "/taches/new" for 192.168.0.73 at 2012-11-02 09:09:30 +0100
Processing by TachesController#new as HTML
  [1m[36mUser Load (1.2ms)[0m  [1mSELECT "users".* FROM "users" WHERE "users"."id" = 1 LIMIT 1[0m
  [1m[35mCompte Load (2.1ms)[0m  SELECT "comptes".* FROM "comptes" ORDER BY societe ASC
  [1m[36mContact Load (0.9ms)[0m  [1mSELECT "contacts".* FROM "contacts" WHERE "contacts"."compte_id" = 0[0m
  Rendered taches/_contacts.html.erb (4.7ms)
  [1m[35mUser Load (0.9ms)[0m  SELECT "users".* FROM "users" 
  [1m[36mType Load (1.1ms)[0m  [1mSELECT "types".* FROM "types" ORDER BY libelle[0m
DEPRECATION WARNING: :confirm option is deprecated and will be removed from Rails 4.0. Use ':data => { :confirm => 'Text' }' instead. (called from block in _app_views_taches__form_html_erb___1008224002311459371_36211780 at /root/dev/crm/app/views/taches/_form.html.erb:78)
  Rendered taches/_form.html.erb (57.5ms)
  Rendered taches/new.html.erb within layouts/application (60.9ms)
  [1m[35mCompte Load (0.8ms)[0m  SELECT societe FROM "comptes" 
  Rendered shared/_menu.html.erb (444.3ms)
  Rendered shared/_message.html.erb (0.4ms)
  Rendered shared/_footer.html.erb (0.4ms)
Completed 200 OK in 545ms (Views: 529.1ms | ActiveRecord: 6.9ms)


Started GET "/taches" for 192.168.0.73 at 2012-11-02 09:10:34 +0100
Processing by TachesController#index as HTML
  [1m[36mUser Load (1.2ms)[0m  [1mSELECT "users".* FROM "users" WHERE "users"."id" = 1 LIMIT 1[0m
  [1m[35mCompte Load (0.7ms)[0m  SELECT societe FROM "comptes" 
  [1m[36mContact Load (0.5ms)[0m  [1mSELECT nom FROM "contacts" [0m
  [1m[35mUser Load (1.7ms)[0m  SELECT "users".* FROM "users" ORDER BY email ASC
  Rendered taches/_filter.html.erb (12.8ms)
  Rendered taches/_titre.html.erb (2.5ms)
  [1m[36mTache Load (1.6ms)[0m  [1mSELECT "taches".* FROM "taches" WHERE (user_id =1 AND statut IN ('En cours','A faire')) ORDER BY statut ASC ,echeance ASC LIMIT 10 OFFSET 0[0m
  [1m[35mCompte Load (1.2ms)[0m  SELECT "comptes".* FROM "comptes" WHERE "comptes"."id" = 5 LIMIT 1
  [1m[36mContact Load (1.0ms)[0m  [1mSELECT "contacts".* FROM "contacts" WHERE "contacts"."id" = 28 LIMIT 1[0m
  [1m[35mCACHE (0.0ms)[0m  SELECT "users".* FROM "users" WHERE "users"."id" = 1 LIMIT 1
DEPRECATION WARNING: :confirm option is deprecated and will be removed from Rails 4.0. Use ':data => { :confirm => 'Text' }' instead. (called from block in _app_views_taches_index_html_erb___4287904101066577835_13078280 at /root/dev/crm/app/views/taches/index.html.erb:43)
  [1m[36mCompte Load (1.0ms)[0m  [1mSELECT "comptes".* FROM "comptes" WHERE "comptes"."id" = 2 LIMIT 1[0m
  [1m[35mContact Load (0.9ms)[0m  SELECT "contacts".* FROM "contacts" WHERE "contacts"."id" = 5 LIMIT 1
  [1m[36mCACHE (0.0ms)[0m  [1mSELECT "users".* FROM "users" WHERE "users"."id" = 1 LIMIT 1[0m
DEPRECATION WARNING: :confirm option is deprecated and will be removed from Rails 4.0. Use ':data => { :confirm => 'Text' }' instead. (called from block in _app_views_taches_index_html_erb___4287904101066577835_13078280 at /root/dev/crm/app/views/taches/index.html.erb:43)
  [1m[35mCompte Load (0.9ms)[0m  SELECT "comptes".* FROM "comptes" WHERE "comptes"."id" = 1 LIMIT 1
  [1m[36mCACHE (0.0ms)[0m  [1mSELECT "users".* FROM "users" WHERE "users"."id" = 1 LIMIT 1[0m
DEPRECATION WARNING: :confirm option is deprecated and will be removed from Rails 4.0. Use ':data => { :confirm => 'Text' }' instead. (called from block in _app_views_taches_index_html_erb___4287904101066577835_13078280 at /root/dev/crm/app/views/taches/index.html.erb:43)
  [1m[35mCACHE (0.0ms)[0m  SELECT "comptes".* FROM "comptes" WHERE "comptes"."id" = 1 LIMIT 1
  [1m[36mContact Load (0.9ms)[0m  [1mSELECT "contacts".* FROM "contacts" WHERE "contacts"."id" = 13 LIMIT 1[0m
  [1m[35mCACHE (0.0ms)[0m  SELECT "users".* FROM "users" WHERE "users"."id" = 1 LIMIT 1
DEPRECATION WARNING: :confirm option is deprecated and will be removed from Rails 4.0. Use ':data => { :confirm => 'Text' }' instead. (called from block in _app_views_taches_index_html_erb___4287904101066577835_13078280 at /root/dev/crm/app/views/taches/index.html.erb:43)
  [1m[36mCACHE (0.0ms)[0m  [1mSELECT "comptes".* FROM "comptes" WHERE "comptes"."id" = 5 LIMIT 1[0m
  [1m[35mCACHE (0.0ms)[0m  SELECT "contacts".* FROM "contacts" WHERE "contacts"."id" = 28 LIMIT 1
  [1m[36mCACHE (0.0ms)[0m  [1mSELECT "users".* FROM "users" WHERE "users"."id" = 1 LIMIT 1[0m
DEPRECATION WARNING: :confirm option is deprecated and will be removed from Rails 4.0. Use ':data => { :confirm => 'Text' }' instead. (called from block in _app_views_taches_index_html_erb___4287904101066577835_13078280 at /root/dev/crm/app/views/taches/index.html.erb:43)
  [1m[35m (1.1ms)[0m  SELECT COUNT(*) FROM "taches" WHERE (user_id =1 AND statut IN ('En cours','A faire'))
  Rendered taches/index.html.erb within layouts/application (110.6ms)
  [1m[36mCACHE (0.0ms)[0m  [1mSELECT societe FROM "comptes" [0m
  Rendered shared/_menu.html.erb (567.3ms)
  Rendered shared/_message.html.erb (0.8ms)
  Rendered shared/_footer.html.erb (0.2ms)
Completed 200 OK in 725ms (Views: 691.3ms | ActiveRecord: 12.6ms)


Started GET "/taches/new" for 192.168.0.73 at 2012-11-02 09:10:54 +0100
Processing by TachesController#new as HTML
  [1m[35mUser Load (1.6ms)[0m  SELECT "users".* FROM "users" WHERE "users"."id" = 1 LIMIT 1
  [1m[36mCompte Load (1.2ms)[0m  [1mSELECT "comptes".* FROM "comptes" ORDER BY societe ASC[0m
  [1m[35mContact Load (0.7ms)[0m  SELECT "contacts".* FROM "contacts" WHERE "contacts"."compte_id" = 0
  Rendered taches/_contacts.html.erb (3.4ms)
  [1m[36mUser Load (0.8ms)[0m  [1mSELECT "users".* FROM "users" [0m
  [1m[35mType Load (1.0ms)[0m  SELECT "types".* FROM "types" ORDER BY libelle
  Rendered taches/_form.html.erb (41.4ms)
  Rendered taches/new.html.erb within layouts/application (43.3ms)
Completed 500 Internal Server Error in 60ms

ActionController::RoutingError (No route matches {:action=>"show", :controller=>"taches", :id=>#<Tache id: nil, notes: nil, statut: nil, created_at: nil, created_by: nil, modified_at: nil, modified_by: nil, updated_at: nil, contact_id: nil, compte_id: nil, user_id: 1, echeance: nil, fichier_joint_file_name: nil, fichier_joint_content_type: nil, fichier_joint_file_size: nil, fichier_joint_updated_at: nil>}):
  app/views/taches/_form.html.erb:78:in `block in _app_views_taches__form_html_erb___1008224002311459371_14661400'
  app/views/taches/_form.html.erb:1:in `_app_views_taches__form_html_erb___1008224002311459371_14661400'
  app/views/taches/new.html.erb:7:in `_app_views_taches_new_html_erb___3180527108215626255_38749820'
  app/controllers/taches_controller.rb:40:in `new'


  Rendered /usr/local/lib/ruby/gems/1.9.1/gems/actionpack-3.2.6/lib/action_dispatch/middleware/templates/rescues/routing_error.erb within rescues/layout (1.6ms)


Started GET "/taches" for 192.168.0.73 at 2012-11-02 09:14:05 +0100
Processing by TachesController#index as HTML
  [1m[36mUser Load (3.6ms)[0m  [1mSELECT "users".* FROM "users" WHERE "users"."id" = 1 LIMIT 1[0m
  [1m[35mCompte Load (0.7ms)[0m  SELECT societe FROM "comptes" 
  [1m[36mContact Load (0.9ms)[0m  [1mSELECT nom FROM "contacts" [0m
  [1m[35mUser Load (1.5ms)[0m  SELECT "users".* FROM "users" ORDER BY email ASC
  Rendered taches/_filter.html.erb (10.9ms)
  Rendered taches/_titre.html.erb (1.5ms)
  [1m[36mTache Load (1.7ms)[0m  [1mSELECT "taches".* FROM "taches" WHERE (user_id =1 AND statut IN ('En cours','A faire')) ORDER BY statut ASC ,echeance ASC LIMIT 10 OFFSET 0[0m
  [1m[35mCompte Load (0.9ms)[0m  SELECT "comptes".* FROM "comptes" WHERE "comptes"."id" = 5 LIMIT 1
  [1m[36mContact Load (0.8ms)[0m  [1mSELECT "contacts".* FROM "contacts" WHERE "contacts"."id" = 28 LIMIT 1[0m
  [1m[35mCACHE (0.0ms)[0m  SELECT "users".* FROM "users" WHERE "users"."id" = 1 LIMIT 1
DEPRECATION WARNING: :confirm option is deprecated and will be removed from Rails 4.0. Use ':data => { :confirm => 'Text' }' instead. (called from block in _app_views_taches_index_html_erb___4287904101066577835_13078280 at /root/dev/crm/app/views/taches/index.html.erb:43)
  [1m[36mCompte Load (1.0ms)[0m  [1mSELECT "comptes".* FROM "comptes" WHERE "comptes"."id" = 2 LIMIT 1[0m
  [1m[35mContact Load (0.8ms)[0m  SELECT "contacts".* FROM "contacts" WHERE "contacts"."id" = 5 LIMIT 1
  [1m[36mCACHE (0.0ms)[0m  [1mSELECT "users".* FROM "users" WHERE "users"."id" = 1 LIMIT 1[0m
DEPRECATION WARNING: :confirm option is deprecated and will be removed from Rails 4.0. Use ':data => { :confirm => 'Text' }' instead. (called from block in _app_views_taches_index_html_erb___4287904101066577835_13078280 at /root/dev/crm/app/views/taches/index.html.erb:43)
  [1m[35mCompte Load (1.2ms)[0m  SELECT "comptes".* FROM "comptes" WHERE "comptes"."id" = 1 LIMIT 1
  [1m[36mCACHE (0.0ms)[0m  [1mSELECT "users".* FROM "users" WHERE "users"."id" = 1 LIMIT 1[0m
DEPRECATION WARNING: :confirm option is deprecated and will be removed from Rails 4.0. Use ':data => { :confirm => 'Text' }' instead. (called from block in _app_views_taches_index_html_erb___4287904101066577835_13078280 at /root/dev/crm/app/views/taches/index.html.erb:43)
  [1m[35mCACHE (0.0ms)[0m  SELECT "comptes".* FROM "comptes" WHERE "comptes"."id" = 1 LIMIT 1
  [1m[36mContact Load (0.8ms)[0m  [1mSELECT "contacts".* FROM "contacts" WHERE "contacts"."id" = 13 LIMIT 1[0m
  [1m[35mCACHE (0.0ms)[0m  SELECT "users".* FROM "users" WHERE "users"."id" = 1 LIMIT 1
DEPRECATION WARNING: :confirm option is deprecated and will be removed from Rails 4.0. Use ':data => { :confirm => 'Text' }' instead. (called from block in _app_views_taches_index_html_erb___4287904101066577835_13078280 at /root/dev/crm/app/views/taches/index.html.erb:43)
  [1m[36mCACHE (0.0ms)[0m  [1mSELECT "comptes".* FROM "comptes" WHERE "comptes"."id" = 5 LIMIT 1[0m
  [1m[35mCACHE (0.0ms)[0m  SELECT "contacts".* FROM "contacts" WHERE "contacts"."id" = 28 LIMIT 1
  [1m[36mCACHE (0.0ms)[0m  [1mSELECT "users".* FROM "users" WHERE "users"."id" = 1 LIMIT 1[0m
DEPRECATION WARNING: :confirm option is deprecated and will be removed from Rails 4.0. Use ':data => { :confirm => 'Text' }' instead. (called from block in _app_views_taches_index_html_erb___4287904101066577835_13078280 at /root/dev/crm/app/views/taches/index.html.erb:43)
  [1m[35m (1.1ms)[0m  SELECT COUNT(*) FROM "taches" WHERE (user_id =1 AND statut IN ('En cours','A faire'))
  Rendered taches/index.html.erb within layouts/application (93.9ms)
  [1m[36mCACHE (0.0ms)[0m  [1mSELECT societe FROM "comptes" [0m
  Rendered shared/_menu.html.erb (418.0ms)
  Rendered shared/_message.html.erb (0.9ms)
  Rendered shared/_footer.html.erb (0.4ms)
Completed 200 OK in 565ms (Views: 533.1ms | ActiveRecord: 15.2ms)


Started GET "/taches/new" for 192.168.0.73 at 2012-11-02 09:14:09 +0100
Processing by TachesController#new as HTML
  [1m[35mUser Load (1.7ms)[0m  SELECT "users".* FROM "users" WHERE "users"."id" = 1 LIMIT 1
  [1m[36mCompte Load (1.5ms)[0m  [1mSELECT "comptes".* FROM "comptes" ORDER BY societe ASC[0m
  [1m[35mContact Load (1.0ms)[0m  SELECT "contacts".* FROM "contacts" WHERE "contacts"."compte_id" = 0
  Rendered taches/_contacts.html.erb (4.2ms)
  [1m[36mUser Load (6.1ms)[0m  [1mSELECT "users".* FROM "users" [0m
  [1m[35mType Load (5.9ms)[0m  SELECT "types".* FROM "types" ORDER BY libelle
  Rendered taches/_form.html.erb (106.4ms)
  Rendered taches/new.html.erb within layouts/application (119.0ms)
Completed 500 Internal Server Error in 154ms

ActionView::Template::Error (undefined method `nil' for #<Tache:0x007f13f04361f0>):
    75:   <div class="row">
    76:       <%= f.submit :class =>"btn btn-primary"%>
    77:          <div class="pull-right ">
    78:           <%= if !@tache.nil then link_to image_tag("glyphicons/glyphicons_016_bin.png"), tach_path(@tache),  :confirm => 'Confirmer la suppression ?', :method => :delete end %>
    79:          </div>    
    80:   </div>
    81: 
  app/views/taches/_form.html.erb:78:in `block in _app_views_taches__form_html_erb___1008224002311459371_69861806029620'
  app/views/taches/_form.html.erb:1:in `_app_views_taches__form_html_erb___1008224002311459371_69861806029620'
  app/views/taches/new.html.erb:7:in `_app_views_taches_new_html_erb___3180527108215626255_38749820'
  app/controllers/taches_controller.rb:40:in `new'


  Rendered /usr/local/lib/ruby/gems/1.9.1/gems/actionpack-3.2.6/lib/action_dispatch/middleware/templates/rescues/_trace.erb (14.5ms)
  Rendered /usr/local/lib/ruby/gems/1.9.1/gems/actionpack-3.2.6/lib/action_dispatch/middleware/templates/rescues/_request_and_response.erb (3.5ms)
  Rendered /usr/local/lib/ruby/gems/1.9.1/gems/actionpack-3.2.6/lib/action_dispatch/middleware/templates/rescues/template_error.erb within rescues/layout (320.7ms)


Started GET "/taches" for 192.168.0.73 at 2012-11-02 09:15:38 +0100
Processing by TachesController#index as HTML
  [1m[36mUser Load (1.6ms)[0m  [1mSELECT "users".* FROM "users" WHERE "users"."id" = 1 LIMIT 1[0m
  [1m[35mCompte Load (8.4ms)[0m  SELECT societe FROM "comptes" 
  [1m[36mContact Load (0.7ms)[0m  [1mSELECT nom FROM "contacts" [0m
  [1m[35mUser Load (1.1ms)[0m  SELECT "users".* FROM "users" ORDER BY email ASC
  Rendered taches/_filter.html.erb (10.4ms)
  Rendered taches/_titre.html.erb (1.9ms)
  [1m[36mTache Load (1.5ms)[0m  [1mSELECT "taches".* FROM "taches" WHERE (user_id =1 AND statut IN ('En cours','A faire')) ORDER BY statut ASC ,echeance ASC LIMIT 10 OFFSET 0[0m
  [1m[35mCompte Load (0.9ms)[0m  SELECT "comptes".* FROM "comptes" WHERE "comptes"."id" = 5 LIMIT 1
  [1m[36mContact Load (0.8ms)[0m  [1mSELECT "contacts".* FROM "contacts" WHERE "contacts"."id" = 28 LIMIT 1[0m
  [1m[35mCACHE (0.0ms)[0m  SELECT "users".* FROM "users" WHERE "users"."id" = 1 LIMIT 1
DEPRECATION WARNING: :confirm option is deprecated and will be removed from Rails 4.0. Use ':data => { :confirm => 'Text' }' instead. (called from block in _app_views_taches_index_html_erb___4287904101066577835_13078280 at /root/dev/crm/app/views/taches/index.html.erb:43)
  [1m[36mCompte Load (1.1ms)[0m  [1mSELECT "comptes".* FROM "comptes" WHERE "comptes"."id" = 2 LIMIT 1[0m
  [1m[35mContact Load (1.1ms)[0m  SELECT "contacts".* FROM "contacts" WHERE "contacts"."id" = 5 LIMIT 1
  [1m[36mCACHE (0.0ms)[0m  [1mSELECT "users".* FROM "users" WHERE "users"."id" = 1 LIMIT 1[0m
DEPRECATION WARNING: :confirm option is deprecated and will be removed from Rails 4.0. Use ':data => { :confirm => 'Text' }' instead. (called from block in _app_views_taches_index_html_erb___4287904101066577835_13078280 at /root/dev/crm/app/views/taches/index.html.erb:43)
  [1m[35mCompte Load (1.1ms)[0m  SELECT "comptes".* FROM "comptes" WHERE "comptes"."id" = 1 LIMIT 1
  [1m[36mCACHE (0.0ms)[0m  [1mSELECT "users".* FROM "users" WHERE "users"."id" = 1 LIMIT 1[0m
DEPRECATION WARNING: :confirm option is deprecated and will be removed from Rails 4.0. Use ':data => { :confirm => 'Text' }' instead. (called from block in _app_views_taches_index_html_erb___4287904101066577835_13078280 at /root/dev/crm/app/views/taches/index.html.erb:43)
  [1m[35mCACHE (0.0ms)[0m  SELECT "comptes".* FROM "comptes" WHERE "comptes"."id" = 1 LIMIT 1
  [1m[36mContact Load (0.9ms)[0m  [1mSELECT "contacts".* FROM "contacts" WHERE "contacts"."id" = 13 LIMIT 1[0m
  [1m[35mCACHE (0.0ms)[0m  SELECT "users".* FROM "users" WHERE "users"."id" = 1 LIMIT 1
DEPRECATION WARNING: :confirm option is deprecated and will be removed from Rails 4.0. Use ':data => { :confirm => 'Text' }' instead. (called from block in _app_views_taches_index_html_erb___4287904101066577835_13078280 at /root/dev/crm/app/views/taches/index.html.erb:43)
  [1m[36mCACHE (0.0ms)[0m  [1mSELECT "comptes".* FROM "comptes" WHERE "comptes"."id" = 5 LIMIT 1[0m
  [1m[35mCACHE (0.0ms)[0m  SELECT "contacts".* FROM "contacts" WHERE "contacts"."id" = 28 LIMIT 1
  [1m[36mCACHE (0.0ms)[0m  [1mSELECT "users".* FROM "users" WHERE "users"."id" = 1 LIMIT 1[0m
DEPRECATION WARNING: :confirm option is deprecated and will be removed from Rails 4.0. Use ':data => { :confirm => 'Text' }' instead. (called from block in _app_views_taches_index_html_erb___4287904101066577835_13078280 at /root/dev/crm/app/views/taches/index.html.erb:43)
  [1m[35m (1.0ms)[0m  SELECT COUNT(*) FROM "taches" WHERE (user_id =1 AND statut IN ('En cours','A faire'))
  Rendered taches/index.html.erb within layouts/application (93.8ms)
  [1m[36mCACHE (0.0ms)[0m  [1mSELECT societe FROM "comptes" [0m
  Rendered shared/_menu.html.erb (471.9ms)
  Rendered shared/_message.html.erb (1.8ms)
  Rendered shared/_footer.html.erb (0.3ms)
Completed 200 OK in 626ms (Views: 585.9ms | ActiveRecord: 20.1ms)


Started GET "/taches" for 192.168.0.73 at 2012-11-02 09:15:39 +0100
Processing by TachesController#index as HTML
  [1m[35mUser Load (1.4ms)[0m  SELECT "users".* FROM "users" WHERE "users"."id" = 1 LIMIT 1
  [1m[36mCompte Load (0.6ms)[0m  [1mSELECT societe FROM "comptes" [0m
  [1m[35mContact Load (0.6ms)[0m  SELECT nom FROM "contacts" 
  [1m[36mUser Load (1.2ms)[0m  [1mSELECT "users".* FROM "users" ORDER BY email ASC[0m
  Rendered taches/_filter.html.erb (11.9ms)
  Rendered taches/_titre.html.erb (2.0ms)
  [1m[35mTache Load (2.0ms)[0m  SELECT "taches".* FROM "taches" WHERE (user_id =1 AND statut IN ('En cours','A faire')) ORDER BY statut ASC ,echeance ASC LIMIT 10 OFFSET 0
  [1m[36mCompte Load (0.9ms)[0m  [1mSELECT "comptes".* FROM "comptes" WHERE "comptes"."id" = 5 LIMIT 1[0m
  [1m[35mContact Load (0.8ms)[0m  SELECT "contacts".* FROM "contacts" WHERE "contacts"."id" = 28 LIMIT 1
  [1m[36mCACHE (0.0ms)[0m  [1mSELECT "users".* FROM "users" WHERE "users"."id" = 1 LIMIT 1[0m
DEPRECATION WARNING: :confirm option is deprecated and will be removed from Rails 4.0. Use ':data => { :confirm => 'Text' }' instead. (called from block in _app_views_taches_index_html_erb___4287904101066577835_13078280 at /root/dev/crm/app/views/taches/index.html.erb:43)
  [1m[35mCompte Load (1.1ms)[0m  SELECT "comptes".* FROM "comptes" WHERE "comptes"."id" = 2 LIMIT 1
  [1m[36mContact Load (1.0ms)[0m  [1mSELECT "contacts".* FROM "contacts" WHERE "contacts"."id" = 5 LIMIT 1[0m
  [1m[35mCACHE (0.0ms)[0m  SELECT "users".* FROM "users" WHERE "users"."id" = 1 LIMIT 1
DEPRECATION WARNING: :confirm option is deprecated and will be removed from Rails 4.0. Use ':data => { :confirm => 'Text' }' instead. (called from block in _app_views_taches_index_html_erb___4287904101066577835_13078280 at /root/dev/crm/app/views/taches/index.html.erb:43)
  [1m[36mCompte Load (1.3ms)[0m  [1mSELECT "comptes".* FROM "comptes" WHERE "comptes"."id" = 1 LIMIT 1[0m
  [1m[35mCACHE (0.0ms)[0m  SELECT "users".* FROM "users" WHERE "users"."id" = 1 LIMIT 1
DEPRECATION WARNING: :confirm option is deprecated and will be removed from Rails 4.0. Use ':data => { :confirm => 'Text' }' instead. (called from block in _app_views_taches_index_html_erb___4287904101066577835_13078280 at /root/dev/crm/app/views/taches/index.html.erb:43)
  [1m[36mCACHE (0.0ms)[0m  [1mSELECT "comptes".* FROM "comptes" WHERE "comptes"."id" = 1 LIMIT 1[0m
  [1m[35mContact Load (0.9ms)[0m  SELECT "contacts".* FROM "contacts" WHERE "contacts"."id" = 13 LIMIT 1
  [1m[36mCACHE (0.0ms)[0m  [1mSELECT "users".* FROM "users" WHERE "users"."id" = 1 LIMIT 1[0m
DEPRECATION WARNING: :confirm option is deprecated and will be removed from Rails 4.0. Use ':data => { :confirm => 'Text' }' instead. (called from block in _app_views_taches_index_html_erb___4287904101066577835_13078280 at /root/dev/crm/app/views/taches/index.html.erb:43)
  [1m[35mCACHE (0.0ms)[0m  SELECT "comptes".* FROM "comptes" WHERE "comptes"."id" = 5 LIMIT 1
  [1m[36mCACHE (0.0ms)[0m  [1mSELECT "contacts".* FROM "contacts" WHERE "contacts"."id" = 28 LIMIT 1[0m
  [1m[35mCACHE (0.0ms)[0m  SELECT "users".* FROM "users" WHERE "users"."id" = 1 LIMIT 1
DEPRECATION WARNING: :confirm option is deprecated and will be removed from Rails 4.0. Use ':data => { :confirm => 'Text' }' instead. (called from block in _app_views_taches_index_html_erb___4287904101066577835_13078280 at /root/dev/crm/app/views/taches/index.html.erb:43)
  [1m[36m (0.9ms)[0m  [1mSELECT COUNT(*) FROM "taches" WHERE (user_id =1 AND statut IN ('En cours','A faire'))[0m
  Rendered taches/index.html.erb within layouts/application (106.9ms)
  [1m[35mCACHE (0.0ms)[0m  SELECT societe FROM "comptes" 
  Rendered shared/_menu.html.erb (589.9ms)
  Rendered shared/_message.html.erb (1.5ms)
  Rendered shared/_footer.html.erb (0.3ms)
Completed 200 OK in 751ms (Views: 719.8ms | ActiveRecord: 12.9ms)


Started GET "/taches/new" for 192.168.0.73 at 2012-11-02 09:15:41 +0100
Processing by TachesController#new as HTML
  [1m[36mUser Load (1.2ms)[0m  [1mSELECT "users".* FROM "users" WHERE "users"."id" = 1 LIMIT 1[0m
  [1m[35mCompte Load (1.2ms)[0m  SELECT "comptes".* FROM "comptes" ORDER BY societe ASC
  [1m[36mContact Load (0.8ms)[0m  [1mSELECT "contacts".* FROM "contacts" WHERE "contacts"."compte_id" = 0[0m
  Rendered taches/_contacts.html.erb (4.1ms)
  [1m[35mUser Load (1.0ms)[0m  SELECT "users".* FROM "users" 
  [1m[36mType Load (1.3ms)[0m  [1mSELECT "types".* FROM "types" ORDER BY libelle[0m
  Rendered taches/_form.html.erb (52.7ms)
  Rendered taches/new.html.erb within layouts/application (55.9ms)
Completed 500 Internal Server Error in 71ms

ActionController::RoutingError (No route matches {:action=>"show", :controller=>"taches", :id=>#<Tache id: nil, notes: nil, statut: nil, created_at: nil, created_by: nil, modified_at: nil, modified_by: nil, updated_at: nil, contact_id: nil, compte_id: nil, user_id: 1, echeance: nil, fichier_joint_file_name: nil, fichier_joint_content_type: nil, fichier_joint_file_size: nil, fichier_joint_updated_at: nil>}):
  app/views/taches/_form.html.erb:78:in `block in _app_views_taches__form_html_erb___1008224002311459371_14777920'
  app/views/taches/_form.html.erb:1:in `_app_views_taches__form_html_erb___1008224002311459371_14777920'
  app/views/taches/new.html.erb:7:in `_app_views_taches_new_html_erb___3180527108215626255_38749820'
  app/controllers/taches_controller.rb:40:in `new'


  Rendered /usr/local/lib/ruby/gems/1.9.1/gems/actionpack-3.2.6/lib/action_dispatch/middleware/templates/rescues/routing_error.erb within rescues/layout (2.0ms)


Started GET "/taches" for 192.168.0.73 at 2012-11-02 09:16:40 +0100
Processing by TachesController#index as HTML
  [1m[35mUser Load (1.6ms)[0m  SELECT "users".* FROM "users" WHERE "users"."id" = 1 LIMIT 1
  [1m[36mCompte Load (1.4ms)[0m  [1mSELECT societe FROM "comptes" [0m
  [1m[35mContact Load (0.7ms)[0m  SELECT nom FROM "contacts" 
  [1m[36mUser Load (1.4ms)[0m  [1mSELECT "users".* FROM "users" ORDER BY email ASC[0m
  Rendered taches/_filter.html.erb (10.1ms)
  Rendered taches/_titre.html.erb (1.5ms)
  [1m[35mTache Load (1.5ms)[0m  SELECT "taches".* FROM "taches" WHERE (user_id =1 AND statut IN ('En cours','A faire')) ORDER BY statut ASC ,echeance ASC LIMIT 10 OFFSET 0
  [1m[36mCompte Load (1.5ms)[0m  [1mSELECT "comptes".* FROM "comptes" WHERE "comptes"."id" = 5 LIMIT 1[0m
  [1m[35mContact Load (1.2ms)[0m  SELECT "contacts".* FROM "contacts" WHERE "contacts"."id" = 28 LIMIT 1
  [1m[36mCACHE (0.0ms)[0m  [1mSELECT "users".* FROM "users" WHERE "users"."id" = 1 LIMIT 1[0m
DEPRECATION WARNING: :confirm option is deprecated and will be removed from Rails 4.0. Use ':data => { :confirm => 'Text' }' instead. (called from block in _app_views_taches_index_html_erb___4287904101066577835_13078280 at /root/dev/crm/app/views/taches/index.html.erb:43)
  [1m[35mCompte Load (1.0ms)[0m  SELECT "comptes".* FROM "comptes" WHERE "comptes"."id" = 2 LIMIT 1
  [1m[36mContact Load (0.8ms)[0m  [1mSELECT "contacts".* FROM "contacts" WHERE "contacts"."id" = 5 LIMIT 1[0m
  [1m[35mCACHE (0.0ms)[0m  SELECT "users".* FROM "users" WHERE "users"."id" = 1 LIMIT 1
DEPRECATION WARNING: :confirm option is deprecated and will be removed from Rails 4.0. Use ':data => { :confirm => 'Text' }' instead. (called from block in _app_views_taches_index_html_erb___4287904101066577835_13078280 at /root/dev/crm/app/views/taches/index.html.erb:43)
  [1m[36mCompte Load (1.2ms)[0m  [1mSELECT "comptes".* FROM "comptes" WHERE "comptes"."id" = 1 LIMIT 1[0m
  [1m[35mCACHE (0.0ms)[0m  SELECT "users".* FROM "users" WHERE "users"."id" = 1 LIMIT 1
DEPRECATION WARNING: :confirm option is deprecated and will be removed from Rails 4.0. Use ':data => { :confirm => 'Text' }' instead. (called from block in _app_views_taches_index_html_erb___4287904101066577835_13078280 at /root/dev/crm/app/views/taches/index.html.erb:43)
  [1m[36mCACHE (0.0ms)[0m  [1mSELECT "comptes".* FROM "comptes" WHERE "comptes"."id" = 1 LIMIT 1[0m
  [1m[35mContact Load (1.4ms)[0m  SELECT "contacts".* FROM "contacts" WHERE "contacts"."id" = 13 LIMIT 1
  [1m[36mCACHE (0.0ms)[0m  [1mSELECT "users".* FROM "users" WHERE "users"."id" = 1 LIMIT 1[0m
DEPRECATION WARNING: :confirm option is deprecated and will be removed from Rails 4.0. Use ':data => { :confirm => 'Text' }' instead. (called from block in _app_views_taches_index_html_erb___4287904101066577835_13078280 at /root/dev/crm/app/views/taches/index.html.erb:43)
  [1m[35mCACHE (0.0ms)[0m  SELECT "comptes".* FROM "comptes" WHERE "comptes"."id" = 5 LIMIT 1
  [1m[36mCACHE (0.0ms)[0m  [1mSELECT "contacts".* FROM "contacts" WHERE "contacts"."id" = 28 LIMIT 1[0m
  [1m[35mCACHE (0.0ms)[0m  SELECT "users".* FROM "users" WHERE "users"."id" = 1 LIMIT 1
DEPRECATION WARNING: :confirm option is deprecated and will be removed from Rails 4.0. Use ':data => { :confirm => 'Text' }' instead. (called from block in _app_views_taches_index_html_erb___4287904101066577835_13078280 at /root/dev/crm/app/views/taches/index.html.erb:43)
  [1m[36m (1.1ms)[0m  [1mSELECT COUNT(*) FROM "taches" WHERE (user_id =1 AND statut IN ('En cours','A faire'))[0m
  Rendered taches/index.html.erb within layouts/application (100.7ms)
  [1m[35mCACHE (0.0ms)[0m  SELECT societe FROM "comptes" 
  Rendered shared/_menu.html.erb (499.7ms)
  Rendered shared/_message.html.erb (1.0ms)
  Rendered shared/_footer.html.erb (0.4ms)
Completed 200 OK in 654ms (Views: 617.2ms | ActiveRecord: 14.9ms)


Started GET "/taches/new" for 192.168.0.73 at 2012-11-02 09:16:43 +0100
Processing by TachesController#new as HTML
  [1m[36mUser Load (1.3ms)[0m  [1mSELECT "users".* FROM "users" WHERE "users"."id" = 1 LIMIT 1[0m
  [1m[35mCompte Load (1.3ms)[0m  SELECT "comptes".* FROM "comptes" ORDER BY societe ASC
  [1m[36mContact Load (0.9ms)[0m  [1mSELECT "contacts".* FROM "contacts" WHERE "contacts"."compte_id" = 0[0m
  Rendered taches/_contacts.html.erb (4.8ms)
  [1m[35mUser Load (1.3ms)[0m  SELECT "users".* FROM "users" 
  [1m[36mType Load (2.0ms)[0m  [1mSELECT "types".* FROM "types" ORDER BY libelle[0m
  Rendered taches/_form.html.erb (66.4ms)
  Rendered taches/new.html.erb within layouts/application (75.4ms)
  [1m[35mCompte Load (0.7ms)[0m  SELECT societe FROM "comptes" 
  Rendered shared/_menu.html.erb (401.5ms)
  Rendered shared/_message.html.erb (0.5ms)
  Rendered shared/_footer.html.erb (0.5ms)
Completed 200 OK in 723ms (Views: 707.2ms | ActiveRecord: 7.5ms)


Started GET "/taches/update_contact_select/5" for 192.168.0.73 at 2012-11-02 09:16:51 +0100
Processing by TachesController#update_contact_select as */*
  Parameters: {"id"=>"5"}
  [1m[36mUser Load (1.5ms)[0m  [1mSELECT "users".* FROM "users" WHERE "users"."id" = 1 LIMIT 1[0m
  [1m[35mContact Load (1.1ms)[0m  SELECT "contacts".* FROM "contacts" WHERE "contacts"."compte_id" = 5 ORDER BY nom
  Rendered taches/_contacts.html.erb (12.8ms)
Completed 200 OK in 51ms (Views: 24.8ms | ActiveRecord: 2.6ms)


Started POST "/taches" for 192.168.0.73 at 2012-11-02 09:17:04 +0100
Processing by TachesController#create as HTML
  Parameters: {"utf8"=>"✓", "authenticity_token"=>"GID6Fzvy7fMRctzNa4rwFSVVD7TDMtDRIfV/+4PyIrA=", "tache"=>{"compte_id"=>"5", "contact_id"=>"25", "user_id"=>"1", "notes"=>"fdfsdff", "statut"=>"A faire", "echeance"=>"04/11/2012"}, "type"=>{"id"=>"9"}, "notes"=>"", "commit"=>"Créer un(e) Tache"}
  [1m[36mUser Load (1.5ms)[0m  [1mSELECT "users".* FROM "users" WHERE "users"."id" = 1 LIMIT 1[0m
  [1m[35m (0.5ms)[0m  BEGIN
  [1m[36mSQL (66.5ms)[0m  [1mINSERT INTO "taches" ("compte_id", "contact_id", "created_at", "created_by", "echeance", "fichier_joint_content_type", "fichier_joint_file_name", "fichier_joint_file_size", "fichier_joint_updated_at", "modified_at", "modified_by", "notes", "statut", "updated_at", "user_id") VALUES ($1, $2, $3, $4, $5, $6, $7, $8, $9, $10, $11, $12, $13, $14, $15) RETURNING "id"[0m  [["compte_id", 5], ["contact_id", 25], ["created_at", Fri, 02 Nov 2012 09:17:04 CET +01:00], ["created_by", "Gabriel FORESTIER"], ["echeance", "2012/11/04"], ["fichier_joint_content_type", nil], ["fichier_joint_file_name", nil], ["fichier_joint_file_size", nil], ["fichier_joint_updated_at", nil], ["modified_at", nil], ["modified_by", "Gabriel FORESTIER"], ["notes", "fdfsdff"], ["statut", "A faire"], ["updated_at", Fri, 02 Nov 2012 09:17:04 CET +01:00], ["user_id", 1]]
[paperclip] Saving attachments.
  [1m[35m (3.2ms)[0m  COMMIT
  [1m[36m (0.3ms)[0m  [1mBEGIN[0m
  [1m[35mSQL (4.9ms)[0m  INSERT INTO "evenements" ("compte_id", "contact_id", "created_at", "created_by", "debut", "fichier_joint_content_type", "fichier_joint_file_name", "fichier_joint_file_size", "fichier_joint_updated_at", "fin", "modified_by", "notes", "notes2", "tache_id", "type_id", "updated_at", "user_id") VALUES ($1, $2, $3, $4, $5, $6, $7, $8, $9, $10, $11, $12, $13, $14, $15, $16, $17) RETURNING "id"  [["compte_id", 5], ["contact_id", 25], ["created_at", Fri, 02 Nov 2012 09:17:04 CET +01:00], ["created_by", "Gabriel FORESTIER"], ["debut", Fri, 02 Nov 2012 09:17:04 CET +01:00], ["fichier_joint_content_type", nil], ["fichier_joint_file_name", nil], ["fichier_joint_file_size", nil], ["fichier_joint_updated_at", nil], ["fin", Fri, 02 Nov 2012 09:17:04 CET +01:00], ["modified_by", nil], ["notes", ""], ["notes2", "fdfsdff"], ["tache_id", 97], ["type_id", 9], ["updated_at", Fri, 02 Nov 2012 09:17:04 CET +01:00], ["user_id", nil]]
[paperclip] Saving attachments.
  [1m[36m (1.6ms)[0m  [1mCOMMIT[0m
Redirected to http://192.168.0.71:3000/taches
Completed 302 Found in 359ms (ActiveRecord: 88.3ms)


Started GET "/taches" for 192.168.0.73 at 2012-11-02 09:17:05 +0100
Processing by TachesController#index as HTML
  [1m[35mUser Load (1.1ms)[0m  SELECT "users".* FROM "users" WHERE "users"."id" = 1 LIMIT 1
  [1m[36mCompte Load (1.1ms)[0m  [1mSELECT societe FROM "comptes" [0m
  [1m[35mContact Load (0.5ms)[0m  SELECT nom FROM "contacts" 
  [1m[36mUser Load (1.0ms)[0m  [1mSELECT "users".* FROM "users" ORDER BY email ASC[0m
  Rendered taches/_filter.html.erb (8.9ms)
  Rendered taches/_titre.html.erb (1.7ms)
  [1m[35mTache Load (1.4ms)[0m  SELECT "taches".* FROM "taches" WHERE (user_id =1 AND statut IN ('En cours','A faire')) ORDER BY statut ASC ,echeance ASC LIMIT 10 OFFSET 0
  [1m[36mCompte Load (1.0ms)[0m  [1mSELECT "comptes".* FROM "comptes" WHERE "comptes"."id" = 5 LIMIT 1[0m
  [1m[35mContact Load (0.7ms)[0m  SELECT "contacts".* FROM "contacts" WHERE "contacts"."id" = 28 LIMIT 1
  [1m[36mCACHE (0.0ms)[0m  [1mSELECT "users".* FROM "users" WHERE "users"."id" = 1 LIMIT 1[0m
DEPRECATION WARNING: :confirm option is deprecated and will be removed from Rails 4.0. Use ':data => { :confirm => 'Text' }' instead. (called from block in _app_views_taches_index_html_erb___4287904101066577835_13078280 at /root/dev/crm/app/views/taches/index.html.erb:43)
  [1m[35mCompte Load (1.0ms)[0m  SELECT "comptes".* FROM "comptes" WHERE "comptes"."id" = 2 LIMIT 1
  [1m[36mContact Load (0.8ms)[0m  [1mSELECT "contacts".* FROM "contacts" WHERE "contacts"."id" = 5 LIMIT 1[0m
  [1m[35mCACHE (0.0ms)[0m  SELECT "users".* FROM "users" WHERE "users"."id" = 1 LIMIT 1
DEPRECATION WARNING: :confirm option is deprecated and will be removed from Rails 4.0. Use ':data => { :confirm => 'Text' }' instead. (called from block in _app_views_taches_index_html_erb___4287904101066577835_13078280 at /root/dev/crm/app/views/taches/index.html.erb:43)
  [1m[36mCompte Load (1.0ms)[0m  [1mSELECT "comptes".* FROM "comptes" WHERE "comptes"."id" = 1 LIMIT 1[0m
  [1m[35mCACHE (0.0ms)[0m  SELECT "users".* FROM "users" WHERE "users"."id" = 1 LIMIT 1
DEPRECATION WARNING: :confirm option is deprecated and will be removed from Rails 4.0. Use ':data => { :confirm => 'Text' }' instead. (called from block in _app_views_taches_index_html_erb___4287904101066577835_13078280 at /root/dev/crm/app/views/taches/index.html.erb:43)
  [1m[36mCACHE (0.0ms)[0m  [1mSELECT "comptes".* FROM "comptes" WHERE "comptes"."id" = 1 LIMIT 1[0m
  [1m[35mContact Load (0.8ms)[0m  SELECT "contacts".* FROM "contacts" WHERE "contacts"."id" = 13 LIMIT 1
  [1m[36mCACHE (0.0ms)[0m  [1mSELECT "users".* FROM "users" WHERE "users"."id" = 1 LIMIT 1[0m
DEPRECATION WARNING: :confirm option is deprecated and will be removed from Rails 4.0. Use ':data => { :confirm => 'Text' }' instead. (called from block in _app_views_taches_index_html_erb___4287904101066577835_13078280 at /root/dev/crm/app/views/taches/index.html.erb:43)
  [1m[35mCACHE (0.0ms)[0m  SELECT "comptes".* FROM "comptes" WHERE "comptes"."id" = 5 LIMIT 1
  [1m[36mContact Load (0.9ms)[0m  [1mSELECT "contacts".* FROM "contacts" WHERE "contacts"."id" = 25 LIMIT 1[0m
  [1m[35mCACHE (0.0ms)[0m  SELECT "users".* FROM "users" WHERE "users"."id" = 1 LIMIT 1
DEPRECATION WARNING: :confirm option is deprecated and will be removed from Rails 4.0. Use ':data => { :confirm => 'Text' }' instead. (called from block in _app_views_taches_index_html_erb___4287904101066577835_13078280 at /root/dev/crm/app/views/taches/index.html.erb:43)
  [1m[36mCACHE (0.0ms)[0m  [1mSELECT "comptes".* FROM "comptes" WHERE "comptes"."id" = 5 LIMIT 1[0m
  [1m[35mCACHE (0.0ms)[0m  SELECT "contacts".* FROM "contacts" WHERE "contacts"."id" = 28 LIMIT 1
  [1m[36mCACHE (0.0ms)[0m  [1mSELECT "users".* FROM "users" WHERE "users"."id" = 1 LIMIT 1[0m
DEPRECATION WARNING: :confirm option is deprecated and will be removed from Rails 4.0. Use ':data => { :confirm => 'Text' }' instead. (called from block in _app_views_taches_index_html_erb___4287904101066577835_13078280 at /root/dev/crm/app/views/taches/index.html.erb:43)
  [1m[35m (1.0ms)[0m  SELECT COUNT(*) FROM "taches" WHERE (user_id =1 AND statut IN ('En cours','A faire'))
  Rendered taches/index.html.erb within layouts/application (89.3ms)
  [1m[36mCACHE (0.0ms)[0m  [1mSELECT societe FROM "comptes" [0m
  Rendered shared/_menu.html.erb (437.9ms)
  Rendered shared/_message.html.erb (1.4ms)
  Rendered shared/_footer.html.erb (0.3ms)
Completed 200 OK in 568ms (Views: 540.6ms | ActiveRecord: 12.3ms)


Started GET "/taches/97/edit" for 192.168.0.73 at 2012-11-02 09:17:21 +0100
Processing by TachesController#edit as HTML
  Parameters: {"id"=>"97"}
  [1m[35mUser Load (1.1ms)[0m  SELECT "users".* FROM "users" WHERE "users"."id" = 1 LIMIT 1
  [1m[36mTache Load (0.9ms)[0m  [1mSELECT "taches".* FROM "taches" WHERE "taches"."id" = $1 LIMIT 1[0m  [["id", "97"]]
  [1m[35mCompte Load (1.4ms)[0m  SELECT "comptes".* FROM "comptes" ORDER BY societe ASC
  [1m[36mCompte Load (1.2ms)[0m  [1mSELECT "comptes".* FROM "comptes" WHERE "comptes"."id" = 5 LIMIT 1[0m
  [1m[35mContact Load (0.8ms)[0m  SELECT "contacts".* FROM "contacts" WHERE "contacts"."compte_id" = 5 ORDER BY nom
  Rendered taches/_contacts.html.erb (10.1ms)
  [1m[36mUser Load (0.9ms)[0m  [1mSELECT "users".* FROM "users" [0m
  [1m[35mType Load (0.8ms)[0m  SELECT "types".* FROM "types" ORDER BY libelle
DEPRECATION WARNING: :confirm option is deprecated and will be removed from Rails 4.0. Use ':data => { :confirm => 'Text' }' instead. (called from block in _app_views_taches__form_html_erb___1008224002311459371_69861806031220 at /root/dev/crm/app/views/taches/_form.html.erb:78)
  Rendered taches/_form.html.erb (45.5ms)
  Rendered taches/edit.html.erb within layouts/application (48.1ms)
  [1m[36mCompte Load (0.8ms)[0m  [1mSELECT societe FROM "comptes" [0m
  Rendered shared/_menu.html.erb (596.3ms)
  Rendered shared/_message.html.erb (0.6ms)
  Rendered shared/_footer.html.erb (0.4ms)
Completed 200 OK in 681ms (Views: 664.1ms | ActiveRecord: 7.9ms)


Started DELETE "/taches/97" for 192.168.0.73 at 2012-11-02 09:17:27 +0100
Processing by TachesController#destroy as HTML
  Parameters: {"authenticity_token"=>"GID6Fzvy7fMRctzNa4rwFSVVD7TDMtDRIfV/+4PyIrA=", "id"=>"97"}
  [1m[35mUser Load (1.5ms)[0m  SELECT "users".* FROM "users" WHERE "users"."id" = 1 LIMIT 1
  [1m[36mTache Load (0.9ms)[0m  [1mSELECT "taches".* FROM "taches" WHERE "taches"."id" = $1 LIMIT 1[0m  [["id", "97"]]
  [1m[35m (0.3ms)[0m  BEGIN
[paperclip] Scheduling attachments for deletion.
  [1m[36mSQL (2.4ms)[0m  [1mDELETE FROM "taches" WHERE "taches"."id" = $1[0m  [["id", 97]]
[paperclip] Deleting attachments.
  [1m[35m (1.8ms)[0m  COMMIT
Redirected to http://192.168.0.71:3000/taches
Completed 302 Found in 31ms (ActiveRecord: 6.9ms)


Started GET "/taches" for 192.168.0.73 at 2012-11-02 09:17:28 +0100
Processing by TachesController#index as HTML
  [1m[36mUser Load (1.3ms)[0m  [1mSELECT "users".* FROM "users" WHERE "users"."id" = 1 LIMIT 1[0m
  [1m[35mCompte Load (1.1ms)[0m  SELECT societe FROM "comptes" 
  [1m[36mContact Load (0.6ms)[0m  [1mSELECT nom FROM "contacts" [0m
  [1m[35mUser Load (2.1ms)[0m  SELECT "users".* FROM "users" ORDER BY email ASC
  Rendered taches/_filter.html.erb (14.1ms)
  Rendered taches/_titre.html.erb (3.5ms)
  [1m[36mTache Load (1.5ms)[0m  [1mSELECT "taches".* FROM "taches" WHERE (user_id =1 AND statut IN ('En cours','A faire')) ORDER BY statut ASC ,echeance ASC LIMIT 10 OFFSET 0[0m
  [1m[35mCompte Load (1.0ms)[0m  SELECT "comptes".* FROM "comptes" WHERE "comptes"."id" = 5 LIMIT 1
  [1m[36mContact Load (0.8ms)[0m  [1mSELECT "contacts".* FROM "contacts" WHERE "contacts"."id" = 28 LIMIT 1[0m
  [1m[35mCACHE (0.0ms)[0m  SELECT "users".* FROM "users" WHERE "users"."id" = 1 LIMIT 1
DEPRECATION WARNING: :confirm option is deprecated and will be removed from Rails 4.0. Use ':data => { :confirm => 'Text' }' instead. (called from block in _app_views_taches_index_html_erb___4287904101066577835_13078280 at /root/dev/crm/app/views/taches/index.html.erb:43)
  [1m[36mCompte Load (1.2ms)[0m  [1mSELECT "comptes".* FROM "comptes" WHERE "comptes"."id" = 2 LIMIT 1[0m
  [1m[35mContact Load (0.9ms)[0m  SELECT "contacts".* FROM "contacts" WHERE "contacts"."id" = 5 LIMIT 1
  [1m[36mCACHE (0.0ms)[0m  [1mSELECT "users".* FROM "users" WHERE "users"."id" = 1 LIMIT 1[0m
DEPRECATION WARNING: :confirm option is deprecated and will be removed from Rails 4.0. Use ':data => { :confirm => 'Text' }' instead. (called from block in _app_views_taches_index_html_erb___4287904101066577835_13078280 at /root/dev/crm/app/views/taches/index.html.erb:43)
  [1m[35mCompte Load (1.1ms)[0m  SELECT "comptes".* FROM "comptes" WHERE "comptes"."id" = 1 LIMIT 1
  [1m[36mCACHE (0.0ms)[0m  [1mSELECT "users".* FROM "users" WHERE "users"."id" = 1 LIMIT 1[0m
DEPRECATION WARNING: :confirm option is deprecated and will be removed from Rails 4.0. Use ':data => { :confirm => 'Text' }' instead. (called from block in _app_views_taches_index_html_erb___4287904101066577835_13078280 at /root/dev/crm/app/views/taches/index.html.erb:43)
  [1m[35mCACHE (0.0ms)[0m  SELECT "comptes".* FROM "comptes" WHERE "comptes"."id" = 1 LIMIT 1
  [1m[36mContact Load (1.0ms)[0m  [1mSELECT "contacts".* FROM "contacts" WHERE "contacts"."id" = 13 LIMIT 1[0m
  [1m[35mCACHE (0.0ms)[0m  SELECT "users".* FROM "users" WHERE "users"."id" = 1 LIMIT 1
DEPRECATION WARNING: :confirm option is deprecated and will be removed from Rails 4.0. Use ':data => { :confirm => 'Text' }' instead. (called from block in _app_views_taches_index_html_erb___4287904101066577835_13078280 at /root/dev/crm/app/views/taches/index.html.erb:43)
  [1m[36mCACHE (0.0ms)[0m  [1mSELECT "comptes".* FROM "comptes" WHERE "comptes"."id" = 5 LIMIT 1[0m
  [1m[35mCACHE (0.0ms)[0m  SELECT "contacts".* FROM "contacts" WHERE "contacts"."id" = 28 LIMIT 1
  [1m[36mCACHE (0.0ms)[0m  [1mSELECT "users".* FROM "users" WHERE "users"."id" = 1 LIMIT 1[0m
DEPRECATION WARNING: :confirm option is deprecated and will be removed from Rails 4.0. Use ':data => { :confirm => 'Text' }' instead. (called from block in _app_views_taches_index_html_erb___4287904101066577835_13078280 at /root/dev/crm/app/views/taches/index.html.erb:43)
  [1m[35m (1.0ms)[0m  SELECT COUNT(*) FROM "taches" WHERE (user_id =1 AND statut IN ('En cours','A faire'))
  Rendered taches/index.html.erb within layouts/application (111.7ms)
  [1m[36mCACHE (0.0ms)[0m  [1mSELECT societe FROM "comptes" [0m
  Rendered shared/_menu.html.erb (477.0ms)
  Rendered shared/_message.html.erb (0.8ms)
  Rendered shared/_footer.html.erb (0.3ms)
Completed 200 OK in 650ms (Views: 605.7ms | ActiveRecord: 13.6ms)


Started GET "/taches/86/edit" for 192.168.0.73 at 2012-11-02 09:18:49 +0100
Processing by TachesController#edit as HTML
  Parameters: {"id"=>"86"}
  [1m[35mUser Load (1.7ms)[0m  SELECT "users".* FROM "users" WHERE "users"."id" = 1 LIMIT 1
  [1m[36mTache Load (0.9ms)[0m  [1mSELECT "taches".* FROM "taches" WHERE "taches"."id" = $1 LIMIT 1[0m  [["id", "86"]]
  [1m[35mCompte Load (1.3ms)[0m  SELECT "comptes".* FROM "comptes" ORDER BY societe ASC
  [1m[36mCompte Load (1.0ms)[0m  [1mSELECT "comptes".* FROM "comptes" WHERE "comptes"."id" = 5 LIMIT 1[0m
  [1m[35mContact Load (1.0ms)[0m  SELECT "contacts".* FROM "contacts" WHERE "contacts"."compte_id" = 5 ORDER BY nom
  Rendered taches/_contacts.html.erb (10.6ms)
  [1m[36mUser Load (1.0ms)[0m  [1mSELECT "users".* FROM "users" [0m
  [1m[35mType Load (1.1ms)[0m  SELECT "types".* FROM "types" ORDER BY libelle
DEPRECATION WARNING: :confirm option is deprecated and will be removed from Rails 4.0. Use ':data => { :confirm => 'Text' }' instead. (called from block in _app_views_taches__form_html_erb___1008224002311459371_69861806031220 at /root/dev/crm/app/views/taches/_form.html.erb:78)
  Rendered taches/_form.html.erb (51.4ms)
  Rendered taches/edit.html.erb within layouts/application (55.4ms)
  [1m[36mCompte Load (0.6ms)[0m  [1mSELECT societe FROM "comptes" [0m
  Rendered shared/_menu.html.erb (595.5ms)
  Rendered shared/_message.html.erb (0.7ms)
  Rendered shared/_footer.html.erb (0.6ms)
Completed 200 OK in 697ms (Views: 675.4ms | ActiveRecord: 8.7ms)


Started GET "/taches" for 192.168.0.73 at 2012-11-02 09:20:20 +0100
Processing by TachesController#index as HTML
  [1m[35mUser Load (2.1ms)[0m  SELECT "users".* FROM "users" WHERE "users"."id" = 1 LIMIT 1
  [1m[36mCompte Load (0.6ms)[0m  [1mSELECT societe FROM "comptes" [0m
  [1m[35mContact Load (0.5ms)[0m  SELECT nom FROM "contacts" 
  [1m[36mUser Load (1.7ms)[0m  [1mSELECT "users".* FROM "users" ORDER BY email ASC[0m
  Rendered taches/_filter.html.erb (15.6ms)
  Rendered taches/_titre.html.erb (2.5ms)
  [1m[35mTache Load (1.9ms)[0m  SELECT "taches".* FROM "taches" WHERE (user_id =1 AND statut IN ('En cours','A faire')) ORDER BY statut ASC ,echeance ASC LIMIT 10 OFFSET 0
  [1m[36mCompte Load (1.1ms)[0m  [1mSELECT "comptes".* FROM "comptes" WHERE "comptes"."id" = 5 LIMIT 1[0m
  [1m[35mContact Load (0.9ms)[0m  SELECT "contacts".* FROM "contacts" WHERE "contacts"."id" = 28 LIMIT 1
  [1m[36mCACHE (0.0ms)[0m  [1mSELECT "users".* FROM "users" WHERE "users"."id" = 1 LIMIT 1[0m
DEPRECATION WARNING: :confirm option is deprecated and will be removed from Rails 4.0. Use ':data => { :confirm => 'Text' }' instead. (called from block in _app_views_taches_index_html_erb___4287904101066577835_13078280 at /root/dev/crm/app/views/taches/index.html.erb:43)
  [1m[35mCompte Load (1.2ms)[0m  SELECT "comptes".* FROM "comptes" WHERE "comptes"."id" = 2 LIMIT 1
  [1m[36mContact Load (0.8ms)[0m  [1mSELECT "contacts".* FROM "contacts" WHERE "contacts"."id" = 5 LIMIT 1[0m
  [1m[35mCACHE (0.0ms)[0m  SELECT "users".* FROM "users" WHERE "users"."id" = 1 LIMIT 1
DEPRECATION WARNING: :confirm option is deprecated and will be removed from Rails 4.0. Use ':data => { :confirm => 'Text' }' instead. (called from block in _app_views_taches_index_html_erb___4287904101066577835_13078280 at /root/dev/crm/app/views/taches/index.html.erb:43)
  [1m[36mCompte Load (1.0ms)[0m  [1mSELECT "comptes".* FROM "comptes" WHERE "comptes"."id" = 1 LIMIT 1[0m
  [1m[35mCACHE (0.0ms)[0m  SELECT "users".* FROM "users" WHERE "users"."id" = 1 LIMIT 1
DEPRECATION WARNING: :confirm option is deprecated and will be removed from Rails 4.0. Use ':data => { :confirm => 'Text' }' instead. (called from block in _app_views_taches_index_html_erb___4287904101066577835_13078280 at /root/dev/crm/app/views/taches/index.html.erb:43)
  [1m[36mCACHE (0.0ms)[0m  [1mSELECT "comptes".* FROM "comptes" WHERE "comptes"."id" = 1 LIMIT 1[0m
  [1m[35mContact Load (1.2ms)[0m  SELECT "contacts".* FROM "contacts" WHERE "contacts"."id" = 13 LIMIT 1
  [1m[36mCACHE (0.0ms)[0m  [1mSELECT "users".* FROM "users" WHERE "users"."id" = 1 LIMIT 1[0m
DEPRECATION WARNING: :confirm option is deprecated and will be removed from Rails 4.0. Use ':data => { :confirm => 'Text' }' instead. (called from block in _app_views_taches_index_html_erb___4287904101066577835_13078280 at /root/dev/crm/app/views/taches/index.html.erb:43)
  [1m[35mCACHE (0.0ms)[0m  SELECT "comptes".* FROM "comptes" WHERE "comptes"."id" = 5 LIMIT 1
  [1m[36mCACHE (0.0ms)[0m  [1mSELECT "contacts".* FROM "contacts" WHERE "contacts"."id" = 28 LIMIT 1[0m
  [1m[35mCACHE (0.0ms)[0m  SELECT "users".* FROM "users" WHERE "users"."id" = 1 LIMIT 1
DEPRECATION WARNING: :confirm option is deprecated and will be removed from Rails 4.0. Use ':data => { :confirm => 'Text' }' instead. (called from block in _app_views_taches_index_html_erb___4287904101066577835_13078280 at /root/dev/crm/app/views/taches/index.html.erb:43)
  [1m[36m (3.0ms)[0m  [1mSELECT COUNT(*) FROM "taches" WHERE (user_id =1 AND statut IN ('En cours','A faire'))[0m
  Rendered taches/index.html.erb within layouts/application (130.7ms)
  [1m[35mCACHE (0.0ms)[0m  SELECT societe FROM "comptes" 
  Rendered shared/_menu.html.erb (427.4ms)
  Rendered shared/_message.html.erb (1.0ms)
  Rendered shared/_footer.html.erb (0.2ms)
Completed 200 OK in 613ms (Views: 574.7ms | ActiveRecord: 16.0ms)


Started GET "/taches/new" for 192.168.0.73 at 2012-11-02 09:20:22 +0100
Processing by TachesController#new as HTML
  [1m[36mUser Load (1.3ms)[0m  [1mSELECT "users".* FROM "users" WHERE "users"."id" = 1 LIMIT 1[0m
  [1m[35mCompte Load (1.4ms)[0m  SELECT "comptes".* FROM "comptes" ORDER BY societe ASC
  [1m[36mContact Load (1.0ms)[0m  [1mSELECT "contacts".* FROM "contacts" WHERE "contacts"."compte_id" = 0[0m
  Rendered taches/_contacts.html.erb (4.2ms)
  [1m[35mUser Load (0.8ms)[0m  SELECT "users".* FROM "users" 
  [1m[36mType Load (0.9ms)[0m  [1mSELECT "types".* FROM "types" ORDER BY libelle[0m
  Rendered taches/_form.html.erb (41.4ms)
  Rendered taches/new.html.erb within layouts/application (48.5ms)
  [1m[35mCompte Load (0.6ms)[0m  SELECT societe FROM "comptes" 
  Rendered shared/_menu.html.erb (412.8ms)
  Rendered shared/_message.html.erb (0.4ms)
  Rendered shared/_footer.html.erb (0.2ms)
Completed 200 OK in 495ms (Views: 479.6ms | ActiveRecord: 6.1ms)


Started GET "/taches" for 192.168.0.73 at 2012-11-02 09:20:26 +0100
Processing by TachesController#index as HTML
  [1m[36mUser Load (1.1ms)[0m  [1mSELECT "users".* FROM "users" WHERE "users"."id" = 1 LIMIT 1[0m
  [1m[35mCompte Load (1.0ms)[0m  SELECT societe FROM "comptes" 
  [1m[36mContact Load (0.6ms)[0m  [1mSELECT nom FROM "contacts" [0m
  [1m[35mUser Load (1.2ms)[0m  SELECT "users".* FROM "users" ORDER BY email ASC
  Rendered taches/_filter.html.erb (235.7ms)
  Rendered taches/_titre.html.erb (2.0ms)
  [1m[36mTache Load (1.5ms)[0m  [1mSELECT "taches".* FROM "taches" WHERE (user_id =1 AND statut IN ('En cours','A faire')) ORDER BY statut ASC ,echeance ASC LIMIT 10 OFFSET 0[0m
  [1m[35mCompte Load (1.6ms)[0m  SELECT "comptes".* FROM "comptes" WHERE "comptes"."id" = 5 LIMIT 1
  [1m[36mContact Load (0.9ms)[0m  [1mSELECT "contacts".* FROM "contacts" WHERE "contacts"."id" = 28 LIMIT 1[0m
  [1m[35mCACHE (0.0ms)[0m  SELECT "users".* FROM "users" WHERE "users"."id" = 1 LIMIT 1
DEPRECATION WARNING: :confirm option is deprecated and will be removed from Rails 4.0. Use ':data => { :confirm => 'Text' }' instead. (called from block in _app_views_taches_index_html_erb___4287904101066577835_13078280 at /root/dev/crm/app/views/taches/index.html.erb:43)
  [1m[36mCompte Load (1.0ms)[0m  [1mSELECT "comptes".* FROM "comptes" WHERE "comptes"."id" = 2 LIMIT 1[0m
  [1m[35mContact Load (0.7ms)[0m  SELECT "contacts".* FROM "contacts" WHERE "contacts"."id" = 5 LIMIT 1
  [1m[36mCACHE (0.0ms)[0m  [1mSELECT "users".* FROM "users" WHERE "users"."id" = 1 LIMIT 1[0m
DEPRECATION WARNING: :confirm option is deprecated and will be removed from Rails 4.0. Use ':data => { :confirm => 'Text' }' instead. (called from block in _app_views_taches_index_html_erb___4287904101066577835_13078280 at /root/dev/crm/app/views/taches/index.html.erb:43)
  [1m[35mCompte Load (1.0ms)[0m  SELECT "comptes".* FROM "comptes" WHERE "comptes"."id" = 1 LIMIT 1
  [1m[36mCACHE (0.0ms)[0m  [1mSELECT "users".* FROM "users" WHERE "users"."id" = 1 LIMIT 1[0m
DEPRECATION WARNING: :confirm option is deprecated and will be removed from Rails 4.0. Use ':data => { :confirm => 'Text' }' instead. (called from block in _app_views_taches_index_html_erb___4287904101066577835_13078280 at /root/dev/crm/app/views/taches/index.html.erb:43)
  [1m[35mCACHE (0.0ms)[0m  SELECT "comptes".* FROM "comptes" WHERE "comptes"."id" = 1 LIMIT 1
  [1m[36mContact Load (1.0ms)[0m  [1mSELECT "contacts".* FROM "contacts" WHERE "contacts"."id" = 13 LIMIT 1[0m
  [1m[35mCACHE (0.0ms)[0m  SELECT "users".* FROM "users" WHERE "users"."id" = 1 LIMIT 1
DEPRECATION WARNING: :confirm option is deprecated and will be removed from Rails 4.0. Use ':data => { :confirm => 'Text' }' instead. (called from block in _app_views_taches_index_html_erb___4287904101066577835_13078280 at /root/dev/crm/app/views/taches/index.html.erb:43)
  [1m[36mCACHE (0.0ms)[0m  [1mSELECT "comptes".* FROM "comptes" WHERE "comptes"."id" = 5 LIMIT 1[0m
  [1m[35mCACHE (0.0ms)[0m  SELECT "contacts".* FROM "contacts" WHERE "contacts"."id" = 28 LIMIT 1
  [1m[36mCACHE (0.0ms)[0m  [1mSELECT "users".* FROM "users" WHERE "users"."id" = 1 LIMIT 1[0m
DEPRECATION WARNING: :confirm option is deprecated and will be removed from Rails 4.0. Use ':data => { :confirm => 'Text' }' instead. (called from block in _app_views_taches_index_html_erb___4287904101066577835_13078280 at /root/dev/crm/app/views/taches/index.html.erb:43)
  [1m[35m (0.9ms)[0m  SELECT COUNT(*) FROM "taches" WHERE (user_id =1 AND statut IN ('En cours','A faire'))
  Rendered taches/index.html.erb within layouts/application (339.4ms)
  [1m[36mCACHE (0.0ms)[0m  [1mSELECT societe FROM "comptes" [0m
  Rendered shared/_menu.html.erb (437.1ms)
  Rendered shared/_message.html.erb (1.1ms)
  Rendered shared/_footer.html.erb (0.4ms)
Completed 200 OK in 821ms (Views: 789.5ms | ActiveRecord: 12.7ms)


Started GET "/taches" for 192.168.0.73 at 2012-11-02 09:23:14 +0100
Processing by TachesController#index as HTML
  [1m[35mUser Load (2.1ms)[0m  SELECT "users".* FROM "users" WHERE "users"."id" = 1 LIMIT 1
  [1m[36mCompte Load (0.8ms)[0m  [1mSELECT societe FROM "comptes" [0m
  [1m[35mContact Load (0.8ms)[0m  SELECT nom FROM "contacts" 
  [1m[36mUser Load (1.3ms)[0m  [1mSELECT "users".* FROM "users" ORDER BY email ASC[0m
  Rendered taches/_filter.html.erb (14.1ms)
  Rendered taches/_titre.html.erb (2.2ms)
  [1m[35mTache Load (1.6ms)[0m  SELECT "taches".* FROM "taches" WHERE (user_id =1 AND statut IN ('En cours','A faire')) ORDER BY statut ASC ,echeance ASC LIMIT 10 OFFSET 0
  [1m[36mCompte Load (1.0ms)[0m  [1mSELECT "comptes".* FROM "comptes" WHERE "comptes"."id" = 5 LIMIT 1[0m
  [1m[35mContact Load (1.0ms)[0m  SELECT "contacts".* FROM "contacts" WHERE "contacts"."id" = 28 LIMIT 1
  [1m[36mCACHE (0.0ms)[0m  [1mSELECT "users".* FROM "users" WHERE "users"."id" = 1 LIMIT 1[0m
DEPRECATION WARNING: :confirm option is deprecated and will be removed from Rails 4.0. Use ':data => { :confirm => 'Text' }' instead. (called from block in _app_views_taches_index_html_erb___4287904101066577835_13078280 at /root/dev/crm/app/views/taches/index.html.erb:43)
  [1m[35mCompte Load (1.0ms)[0m  SELECT "comptes".* FROM "comptes" WHERE "comptes"."id" = 2 LIMIT 1
  [1m[36mContact Load (0.8ms)[0m  [1mSELECT "contacts".* FROM "contacts" WHERE "contacts"."id" = 5 LIMIT 1[0m
  [1m[35mCACHE (0.0ms)[0m  SELECT "users".* FROM "users" WHERE "users"."id" = 1 LIMIT 1
DEPRECATION WARNING: :confirm option is deprecated and will be removed from Rails 4.0. Use ':data => { :confirm => 'Text' }' instead. (called from block in _app_views_taches_index_html_erb___4287904101066577835_13078280 at /root/dev/crm/app/views/taches/index.html.erb:43)
  [1m[36mCompte Load (1.1ms)[0m  [1mSELECT "comptes".* FROM "comptes" WHERE "comptes"."id" = 1 LIMIT 1[0m
  [1m[35mCACHE (0.0ms)[0m  SELECT "users".* FROM "users" WHERE "users"."id" = 1 LIMIT 1
DEPRECATION WARNING: :confirm option is deprecated and will be removed from Rails 4.0. Use ':data => { :confirm => 'Text' }' instead. (called from block in _app_views_taches_index_html_erb___4287904101066577835_13078280 at /root/dev/crm/app/views/taches/index.html.erb:43)
  [1m[36mCACHE (0.0ms)[0m  [1mSELECT "comptes".* FROM "comptes" WHERE "comptes"."id" = 1 LIMIT 1[0m
  [1m[35mContact Load (1.0ms)[0m  SELECT "contacts".* FROM "contacts" WHERE "contacts"."id" = 13 LIMIT 1
  [1m[36mCACHE (0.0ms)[0m  [1mSELECT "users".* FROM "users" WHERE "users"."id" = 1 LIMIT 1[0m
DEPRECATION WARNING: :confirm option is deprecated and will be removed from Rails 4.0. Use ':data => { :confirm => 'Text' }' instead. (called from block in _app_views_taches_index_html_erb___4287904101066577835_13078280 at /root/dev/crm/app/views/taches/index.html.erb:43)
  [1m[35mCACHE (0.0ms)[0m  SELECT "comptes".* FROM "comptes" WHERE "comptes"."id" = 5 LIMIT 1
  [1m[36mCACHE (0.0ms)[0m  [1mSELECT "contacts".* FROM "contacts" WHERE "contacts"."id" = 28 LIMIT 1[0m
  [1m[35mCACHE (0.0ms)[0m  SELECT "users".* FROM "users" WHERE "users"."id" = 1 LIMIT 1
DEPRECATION WARNING: :confirm option is deprecated and will be removed from Rails 4.0. Use ':data => { :confirm => 'Text' }' instead. (called from block in _app_views_taches_index_html_erb___4287904101066577835_13078280 at /root/dev/crm/app/views/taches/index.html.erb:43)
  [1m[36m (1.4ms)[0m  [1mSELECT COUNT(*) FROM "taches" WHERE (user_id =1 AND statut IN ('En cours','A faire'))[0m
  Rendered taches/index.html.erb within layouts/application (112.9ms)
  [1m[35mCACHE (0.0ms)[0m  SELECT societe FROM "comptes" 
  Rendered shared/_menu.html.erb (453.9ms)
  Rendered shared/_message.html.erb (0.8ms)
  Rendered shared/_footer.html.erb (0.8ms)
Completed 200 OK in 633ms (Views: 595.2ms | ActiveRecord: 14.0ms)


Started GET "/taches/new" for 192.168.0.73 at 2012-11-02 09:23:20 +0100
Processing by TachesController#new as HTML
  [1m[36mUser Load (1.3ms)[0m  [1mSELECT "users".* FROM "users" WHERE "users"."id" = 1 LIMIT 1[0m
  [1m[35mCompte Load (1.4ms)[0m  SELECT "comptes".* FROM "comptes" ORDER BY societe ASC
  [1m[36mContact Load (0.7ms)[0m  [1mSELECT "contacts".* FROM "contacts" WHERE "contacts"."compte_id" = 0[0m
  Rendered taches/_contacts.html.erb (4.4ms)
  [1m[35mUser Load (1.0ms)[0m  SELECT "users".* FROM "users" 
  [1m[36mType Load (1.2ms)[0m  [1mSELECT "types".* FROM "types" ORDER BY libelle[0m
  Rendered taches/_form.html.erb (222.8ms)
  Rendered taches/new.html.erb within layouts/application (225.8ms)
Completed 500 Internal Server Error in 244ms

ActionView::Template::Error (undefined method `exists?' for #<Tache:0x007f13f041b558>):
    75:   <div class="row">
    76:       <%= f.submit :class =>"btn btn-primary"%>
    77:          <div class="pull-right ">
    78:           <%= if @tache.exists? then link_to image_tag("glyphicons/glyphicons_016_bin.png"), tach_path(@tache),  :confirm => 'Confirmer la suppression ?', :method => :delete end %>
    79:          </div>    
    80:   </div>
    81: 
  app/views/taches/_form.html.erb:78:in `block in _app_views_taches__form_html_erb___1008224002311459371_69861805980360'
  app/views/taches/_form.html.erb:1:in `_app_views_taches__form_html_erb___1008224002311459371_69861805980360'
  app/views/taches/new.html.erb:14:in `_app_views_taches_new_html_erb___3180527108215626255_39114220'
  app/controllers/taches_controller.rb:40:in `new'


  Rendered /usr/local/lib/ruby/gems/1.9.1/gems/actionpack-3.2.6/lib/action_dispatch/middleware/templates/rescues/_trace.erb (12.9ms)
  Rendered /usr/local/lib/ruby/gems/1.9.1/gems/actionpack-3.2.6/lib/action_dispatch/middleware/templates/rescues/_request_and_response.erb (3.3ms)
  Rendered /usr/local/lib/ruby/gems/1.9.1/gems/actionpack-3.2.6/lib/action_dispatch/middleware/templates/rescues/template_error.erb within rescues/layout (37.3ms)


Started GET "/taches/new" for 192.168.0.73 at 2012-11-02 09:23:56 +0100
Processing by TachesController#new as HTML
  [1m[35mUser Load (1.0ms)[0m  SELECT "users".* FROM "users" WHERE "users"."id" = 1 LIMIT 1
  [1m[36mCompte Load (1.1ms)[0m  [1mSELECT "comptes".* FROM "comptes" ORDER BY societe ASC[0m
  [1m[35mContact Load (0.8ms)[0m  SELECT "contacts".* FROM "contacts" WHERE "contacts"."compte_id" = 0
  Rendered taches/_contacts.html.erb (3.5ms)
  [1m[36mUser Load (0.9ms)[0m  [1mSELECT "users".* FROM "users" [0m
  [1m[35mType Load (0.9ms)[0m  SELECT "types".* FROM "types" ORDER BY libelle
  Rendered taches/_form.html.erb (36.3ms)
  Rendered taches/new.html.erb within layouts/application (39.2ms)
Completed 500 Internal Server Error in 51ms

ActionView::Template::Error (undefined method `exists' for #<Tache:0x000000048e16c0>):
    75:   <div class="row">
    76:       <%= f.submit :class =>"btn btn-primary"%>
    77:          <div class="pull-right ">
    78:           <%= if @tache.exists then link_to image_tag("glyphicons/glyphicons_016_bin.png"), tach_path(@tache),  :confirm => 'Confirmer la suppression ?', :method => :delete end %>
    79:          </div>    
    80:   </div>
    81: 
  app/views/taches/_form.html.erb:78:in `block in _app_views_taches__form_html_erb___1008224002311459371_38283260'
  app/views/taches/_form.html.erb:1:in `_app_views_taches__form_html_erb___1008224002311459371_38283260'
  app/views/taches/new.html.erb:14:in `_app_views_taches_new_html_erb___3180527108215626255_39114220'
  app/controllers/taches_controller.rb:40:in `new'


  Rendered /usr/local/lib/ruby/gems/1.9.1/gems/actionpack-3.2.6/lib/action_dispatch/middleware/templates/rescues/_trace.erb (14.7ms)
  Rendered /usr/local/lib/ruby/gems/1.9.1/gems/actionpack-3.2.6/lib/action_dispatch/middleware/templates/rescues/_request_and_response.erb (4.1ms)
  Rendered /usr/local/lib/ruby/gems/1.9.1/gems/actionpack-3.2.6/lib/action_dispatch/middleware/templates/rescues/template_error.erb within rescues/layout (41.5ms)


Started GET "/taches/new" for 192.168.0.73 at 2012-11-02 09:24:20 +0100
Processing by TachesController#new as HTML
  [1m[36mUser Load (1.1ms)[0m  [1mSELECT "users".* FROM "users" WHERE "users"."id" = 1 LIMIT 1[0m
  [1m[35mCompte Load (1.2ms)[0m  SELECT "comptes".* FROM "comptes" ORDER BY societe ASC
  [1m[36mContact Load (0.8ms)[0m  [1mSELECT "contacts".* FROM "contacts" WHERE "contacts"."compte_id" = 0[0m
  Rendered taches/_contacts.html.erb (3.5ms)
  [1m[35mUser Load (0.7ms)[0m  SELECT "users".* FROM "users" 
  [1m[36mType Load (1.9ms)[0m  [1mSELECT "types".* FROM "types" ORDER BY libelle[0m
  Rendered taches/_form.html.erb (34.3ms)
  Rendered taches/new.html.erb within layouts/application (37.3ms)
  [1m[35mCompte Load (0.7ms)[0m  SELECT societe FROM "comptes" 
  Rendered shared/_menu.html.erb (406.4ms)
  Rendered shared/_message.html.erb (0.4ms)
  Rendered shared/_footer.html.erb (0.2ms)
Completed 200 OK in 471ms (Views: 458.9ms | ActiveRecord: 6.4ms)


Started GET "/assets/nested_form.js" for 192.168.0.73 at 2012-11-02 09:24:21 +0100
Compiled nested_form.js  (2ms)  (pid 23880)
Served asset /nested_form.js - 304 Not Modified (67ms)


Started GET "/assets/icons/fiches.png" for 192.168.0.73 at 2012-11-02 09:24:22 +0100
Served asset /icons/fiches.png - 304 Not Modified (52ms)


Started GET "/taches/new" for 192.168.0.73 at 2012-11-02 09:38:24 +0100
Processing by TachesController#new as HTML
  [1m[36mUser Load (5.8ms)[0m  [1mSELECT "users".* FROM "users" WHERE "users"."id" = 1 LIMIT 1[0m
  [1m[35mCompte Load (2.5ms)[0m  SELECT "comptes".* FROM "comptes" ORDER BY societe ASC
  [1m[36mContact Load (1.1ms)[0m  [1mSELECT "contacts".* FROM "contacts" WHERE "contacts"."compte_id" = 0[0m
  Rendered taches/_contacts.html.erb (5.4ms)
  [1m[35mUser Load (0.8ms)[0m  SELECT "users".* FROM "users" 
  [1m[36mType Load (1.3ms)[0m  [1mSELECT "types".* FROM "types" ORDER BY libelle[0m
  Rendered taches/_form.html.erb (63.9ms)
  Rendered taches/new.html.erb within layouts/application (71.2ms)
  [1m[35mCompte Load (0.7ms)[0m  SELECT societe FROM "comptes" 
  Rendered shared/_menu.html.erb (809.7ms)
  Rendered shared/_message.html.erb (0.5ms)
  Rendered shared/_footer.html.erb (0.3ms)
Completed 200 OK in 960ms (Views: 910.6ms | ActiveRecord: 12.1ms)


Started GET "/assets/nested_form.js" for 192.168.0.73 at 2012-11-02 09:38:25 +0100
Served asset /nested_form.js - 304 Not Modified (1ms)


Started GET "/assets/icons/fiches.png" for 192.168.0.73 at 2012-11-02 09:38:25 +0100
Served asset /icons/fiches.png - 304 Not Modified (0ms)


Started GET "/taches" for 192.168.0.73 at 2012-11-02 09:38:28 +0100
Processing by TachesController#index as HTML
  [1m[36mUser Load (1.8ms)[0m  [1mSELECT "users".* FROM "users" WHERE "users"."id" = 1 LIMIT 1[0m
  [1m[35mCompte Load (0.6ms)[0m  SELECT societe FROM "comptes" 
  [1m[36mContact Load (0.6ms)[0m  [1mSELECT nom FROM "contacts" [0m
  [1m[35mUser Load (1.3ms)[0m  SELECT "users".* FROM "users" ORDER BY email ASC
  Rendered taches/_filter.html.erb (10.3ms)
  Rendered taches/_titre.html.erb (1.9ms)
  [1m[36mTache Load (2.6ms)[0m  [1mSELECT "taches".* FROM "taches" WHERE (user_id =1 AND statut IN ('En cours','A faire')) ORDER BY statut ASC ,echeance ASC LIMIT 10 OFFSET 0[0m
  [1m[35mCompte Load (1.1ms)[0m  SELECT "comptes".* FROM "comptes" WHERE "comptes"."id" = 5 LIMIT 1
  [1m[36mContact Load (0.9ms)[0m  [1mSELECT "contacts".* FROM "contacts" WHERE "contacts"."id" = 28 LIMIT 1[0m
  [1m[35mCACHE (0.0ms)[0m  SELECT "users".* FROM "users" WHERE "users"."id" = 1 LIMIT 1
DEPRECATION WARNING: :confirm option is deprecated and will be removed from Rails 4.0. Use ':data => { :confirm => 'Text' }' instead. (called from block in _app_views_taches_index_html_erb___4287904101066577835_13078280 at /root/dev/crm/app/views/taches/index.html.erb:43)
  [1m[36mCompte Load (0.9ms)[0m  [1mSELECT "comptes".* FROM "comptes" WHERE "comptes"."id" = 2 LIMIT 1[0m
  [1m[35mContact Load (0.8ms)[0m  SELECT "contacts".* FROM "contacts" WHERE "contacts"."id" = 5 LIMIT 1
  [1m[36mCACHE (0.0ms)[0m  [1mSELECT "users".* FROM "users" WHERE "users"."id" = 1 LIMIT 1[0m
DEPRECATION WARNING: :confirm option is deprecated and will be removed from Rails 4.0. Use ':data => { :confirm => 'Text' }' instead. (called from block in _app_views_taches_index_html_erb___4287904101066577835_13078280 at /root/dev/crm/app/views/taches/index.html.erb:43)
  [1m[35mCompte Load (0.9ms)[0m  SELECT "comptes".* FROM "comptes" WHERE "comptes"."id" = 1 LIMIT 1
  [1m[36mCACHE (0.0ms)[0m  [1mSELECT "users".* FROM "users" WHERE "users"."id" = 1 LIMIT 1[0m
DEPRECATION WARNING: :confirm option is deprecated and will be removed from Rails 4.0. Use ':data => { :confirm => 'Text' }' instead. (called from block in _app_views_taches_index_html_erb___4287904101066577835_13078280 at /root/dev/crm/app/views/taches/index.html.erb:43)
  [1m[35mCACHE (0.0ms)[0m  SELECT "comptes".* FROM "comptes" WHERE "comptes"."id" = 1 LIMIT 1
  [1m[36mContact Load (0.9ms)[0m  [1mSELECT "contacts".* FROM "contacts" WHERE "contacts"."id" = 13 LIMIT 1[0m
  [1m[35mCACHE (0.0ms)[0m  SELECT "users".* FROM "users" WHERE "users"."id" = 1 LIMIT 1
DEPRECATION WARNING: :confirm option is deprecated and will be removed from Rails 4.0. Use ':data => { :confirm => 'Text' }' instead. (called from block in _app_views_taches_index_html_erb___4287904101066577835_13078280 at /root/dev/crm/app/views/taches/index.html.erb:43)
  [1m[36mCACHE (0.0ms)[0m  [1mSELECT "comptes".* FROM "comptes" WHERE "comptes"."id" = 5 LIMIT 1[0m
  [1m[35mCACHE (0.0ms)[0m  SELECT "contacts".* FROM "contacts" WHERE "contacts"."id" = 28 LIMIT 1
  [1m[36mCACHE (0.0ms)[0m  [1mSELECT "users".* FROM "users" WHERE "users"."id" = 1 LIMIT 1[0m
DEPRECATION WARNING: :confirm option is deprecated and will be removed from Rails 4.0. Use ':data => { :confirm => 'Text' }' instead. (called from block in _app_views_taches_index_html_erb___4287904101066577835_13078280 at /root/dev/crm/app/views/taches/index.html.erb:43)
  [1m[35m (1.6ms)[0m  SELECT COUNT(*) FROM "taches" WHERE (user_id =1 AND statut IN ('En cours','A faire'))
  Rendered taches/index.html.erb within layouts/application (103.1ms)
  [1m[36mCACHE (0.0ms)[0m  [1mSELECT societe FROM "comptes" [0m
  Rendered shared/_menu.html.erb (433.0ms)
  Rendered shared/_message.html.erb (0.9ms)
  Rendered shared/_footer.html.erb (0.2ms)
Completed 200 OK in 578ms (Views: 548.6ms | ActiveRecord: 14.0ms)


Started GET "/assets/nested_form.js" for 192.168.0.73 at 2012-11-02 09:38:28 +0100
Served asset /nested_form.js - 304 Not Modified (0ms)


Started GET "/assets/icons/fiches.png" for 192.168.0.73 at 2012-11-02 09:38:29 +0100
Served asset /icons/fiches.png - 304 Not Modified (0ms)


Started GET "/taches" for 192.168.0.73 at 2012-11-02 09:38:56 +0100
Processing by TachesController#index as HTML
  [1m[35mUser Load (1.7ms)[0m  SELECT "users".* FROM "users" WHERE "users"."id" = 1 LIMIT 1
  [1m[36mCompte Load (0.6ms)[0m  [1mSELECT societe FROM "comptes" [0m
  [1m[35mContact Load (0.6ms)[0m  SELECT nom FROM "contacts" 
  [1m[36mUser Load (1.2ms)[0m  [1mSELECT "users".* FROM "users" ORDER BY email ASC[0m
  Rendered taches/_filter.html.erb (12.9ms)
  Rendered taches/_titre.html.erb (2.1ms)
  [1m[35mTache Load (1.6ms)[0m  SELECT "taches".* FROM "taches" WHERE (user_id =1 AND statut IN ('En cours','A faire')) ORDER BY statut ASC ,echeance ASC LIMIT 10 OFFSET 0
  [1m[36mCompte Load (0.8ms)[0m  [1mSELECT "comptes".* FROM "comptes" WHERE "comptes"."id" = 5 LIMIT 1[0m
  [1m[35mContact Load (0.9ms)[0m  SELECT "contacts".* FROM "contacts" WHERE "contacts"."id" = 28 LIMIT 1
  [1m[36mCACHE (0.0ms)[0m  [1mSELECT "users".* FROM "users" WHERE "users"."id" = 1 LIMIT 1[0m
  [1m[35mCompte Load (1.1ms)[0m  SELECT "comptes".* FROM "comptes" WHERE "comptes"."id" = 2 LIMIT 1
  [1m[36mContact Load (0.8ms)[0m  [1mSELECT "contacts".* FROM "contacts" WHERE "contacts"."id" = 5 LIMIT 1[0m
  [1m[35mCACHE (0.1ms)[0m  SELECT "users".* FROM "users" WHERE "users"."id" = 1 LIMIT 1
  [1m[36mCompte Load (1.0ms)[0m  [1mSELECT "comptes".* FROM "comptes" WHERE "comptes"."id" = 1 LIMIT 1[0m
  [1m[35mCACHE (0.0ms)[0m  SELECT "users".* FROM "users" WHERE "users"."id" = 1 LIMIT 1
  [1m[36mCACHE (0.0ms)[0m  [1mSELECT "comptes".* FROM "comptes" WHERE "comptes"."id" = 1 LIMIT 1[0m
  [1m[35mContact Load (0.9ms)[0m  SELECT "contacts".* FROM "contacts" WHERE "contacts"."id" = 13 LIMIT 1
  [1m[36mCACHE (0.0ms)[0m  [1mSELECT "users".* FROM "users" WHERE "users"."id" = 1 LIMIT 1[0m
  [1m[35mCACHE (0.0ms)[0m  SELECT "comptes".* FROM "comptes" WHERE "comptes"."id" = 5 LIMIT 1
  [1m[36mCACHE (0.0ms)[0m  [1mSELECT "contacts".* FROM "contacts" WHERE "contacts"."id" = 28 LIMIT 1[0m
  [1m[35mCACHE (0.0ms)[0m  SELECT "users".* FROM "users" WHERE "users"."id" = 1 LIMIT 1
  [1m[36m (1.0ms)[0m  [1mSELECT COUNT(*) FROM "taches" WHERE (user_id =1 AND statut IN ('En cours','A faire'))[0m
  Rendered taches/index.html.erb within layouts/application (97.3ms)
  [1m[35mCACHE (0.0ms)[0m  SELECT societe FROM "comptes" 
  Rendered shared/_menu.html.erb (441.9ms)
  Rendered shared/_message.html.erb (0.7ms)
  Rendered shared/_footer.html.erb (0.3ms)
Completed 200 OK in 584ms (Views: 554.2ms | ActiveRecord: 12.4ms)


Started GET "/assets/nested_form.js" for 192.168.0.73 at 2012-11-02 09:38:56 +0100
Served asset /nested_form.js - 304 Not Modified (0ms)


Started GET "/assets/icons/fiches.png" for 192.168.0.73 at 2012-11-02 09:38:57 +0100
Served asset /icons/fiches.png - 304 Not Modified (0ms)
Connecting to database specified by database.yml
Connecting to database specified by database.yml
