Rails Error: Unable to access log file. Please ensure that /webapps/crm/log/development.log exists and is chmod 0666. The log level has been raised to WARN and the output directed to STDERR until the problem is fixed.
[ pid=9249 thr=5099520 file=utils.rb:176 time=2012-06-29 15:34:03.902 ]: *** Exception PhusionPassenger::UnknownError in PhusionPassenger::Rack::ApplicationSpawner (FATAL:  database "crm_development" does not exist
 (PG::Error)) (process 9249, thread #<Thread:0x000000009ba000>):
	from /usr/local/lib/ruby/gems/1.9.1/gems/activerecord-3.2.0/lib/active_record/connection_adapters/postgresql_adapter.rb:1161:in `initialize'
	from /usr/local/lib/ruby/gems/1.9.1/gems/activerecord-3.2.0/lib/active_record/connection_adapters/postgresql_adapter.rb:1161:in `new'
	from /usr/local/lib/ruby/gems/1.9.1/gems/activerecord-3.2.0/lib/active_record/connection_adapters/postgresql_adapter.rb:1161:in `connect'
	from /usr/local/lib/ruby/gems/1.9.1/gems/activerecord-3.2.0/lib/active_record/connection_adapters/postgresql_adapter.rb:316:in `initialize'
	from /usr/local/lib/ruby/gems/1.9.1/gems/activerecord-3.2.0/lib/active_record/connection_adapters/postgresql_adapter.rb:27:in `new'
	from /usr/local/lib/ruby/gems/1.9.1/gems/activerecord-3.2.0/lib/active_record/connection_adapters/postgresql_adapter.rb:27:in `postgresql_connection'
	from /usr/local/lib/ruby/gems/1.9.1/gems/activerecord-3.2.0/lib/active_record/connection_adapters/abstract/connection_pool.rb:277:in `new_connection'
	from /usr/local/lib/ruby/gems/1.9.1/gems/activerecord-3.2.0/lib/active_record/connection_adapters/abstract/connection_pool.rb:287:in `checkout_new_connection'
	from /usr/local/lib/ruby/gems/1.9.1/gems/activerecord-3.2.0/lib/active_record/connection_adapters/abstract/connection_pool.rb:235:in `block (2 levels) in checkout'
	from /usr/local/lib/ruby/gems/1.9.1/gems/activerecord-3.2.0/lib/active_record/connection_adapters/abstract/connection_pool.rb:230:in `loop'
	from /usr/local/lib/ruby/gems/1.9.1/gems/activerecord-3.2.0/lib/active_record/connection_adapters/abstract/connection_pool.rb:230:in `block in checkout'
	from /usr/local/lib/ruby/1.9.1/monitor.rb:211:in `mon_synchronize'
	from /usr/local/lib/ruby/gems/1.9.1/gems/activerecord-3.2.0/lib/active_record/connection_adapters/abstract/connection_pool.rb:229:in `checkout'
	from /usr/local/lib/ruby/gems/1.9.1/gems/activerecord-3.2.0/lib/active_record/connection_adapters/abstract/connection_pool.rb:95:in `connection'
	from /usr/local/lib/ruby/gems/1.9.1/gems/activerecord-3.2.0/lib/active_record/connection_adapters/abstract/connection_pool.rb:374:in `retrieve_connection'
	from /usr/local/lib/ruby/gems/1.9.1/gems/activerecord-3.2.0/lib/active_record/connection_adapters/abstract/connection_specification.rb:168:in `retrieve_connection'
	from /usr/local/lib/ruby/gems/1.9.1/gems/activerecord-3.2.0/lib/active_record/connection_adapters/abstract/connection_specification.rb:142:in `connection'
	from /usr/local/lib/ruby/gems/1.9.1/gems/activerecord-3.2.0/lib/active_record/model_schema.rb:308:in `clear_cache!'
	from /usr/local/lib/ruby/gems/1.9.1/gems/activerecord-3.2.0/lib/active_record/railtie.rb:91:in `block (2 levels) in <class:Railtie>'
	from /usr/local/lib/ruby/gems/1.9.1/gems/activesupport-3.2.0/lib/active_support/callbacks.rb:418:in `_run__1095919421553206759__prepare__4210446261733496526__callbacks'
	from /usr/local/lib/ruby/gems/1.9.1/gems/activesupport-3.2.0/lib/active_support/callbacks.rb:405:in `__run_callback'
	from /usr/local/lib/ruby/gems/1.9.1/gems/activesupport-3.2.0/lib/active_support/callbacks.rb:385:in `_run_prepare_callbacks'
	from /usr/local/lib/ruby/gems/1.9.1/gems/activesupport-3.2.0/lib/active_support/callbacks.rb:81:in `run_callbacks'
	from /usr/local/lib/ruby/gems/1.9.1/gems/actionpack-3.2.0/lib/action_dispatch/middleware/reloader.rb:74:in `prepare!'
	from /usr/local/lib/ruby/gems/1.9.1/gems/actionpack-3.2.0/lib/action_dispatch/middleware/reloader.rb:48:in `prepare!'
	from /usr/local/lib/ruby/gems/1.9.1/gems/railties-3.2.0/lib/rails/application/finisher.rb:48:in `block in <module:Finisher>'
	from /usr/local/lib/ruby/gems/1.9.1/gems/railties-3.2.0/lib/rails/initializable.rb:30:in `instance_exec'
	from /usr/local/lib/ruby/gems/1.9.1/gems/railties-3.2.0/lib/rails/initializable.rb:30:in `run'
	from /usr/local/lib/ruby/gems/1.9.1/gems/railties-3.2.0/lib/rails/initializable.rb:55:in `block in run_initializers'
	from /usr/local/lib/ruby/gems/1.9.1/gems/railties-3.2.0/lib/rails/initializable.rb:54:in `each'
	from /usr/local/lib/ruby/gems/1.9.1/gems/railties-3.2.0/lib/rails/initializable.rb:54:in `run_initializers'
	from /usr/local/lib/ruby/gems/1.9.1/gems/railties-3.2.0/lib/rails/application.rb:136:in `initialize!'
	from /usr/local/lib/ruby/gems/1.9.1/gems/railties-3.2.0/lib/rails/railtie/configurable.rb:30:in `method_missing'
	from /webapps/crm/config/environment.rb:7:in `<top (required)>'
	from config.ru:3:in `require'
	from config.ru:3:in `block in <main>'
	from /usr/local/lib/ruby/gems/1.9.1/gems/rack-1.4.1/lib/rack/builder.rb:51:in `instance_eval'
	from /usr/local/lib/ruby/gems/1.9.1/gems/rack-1.4.1/lib/rack/builder.rb:51:in `initialize'
	from config.ru:1:in `new'
	from config.ru:1:in `<main>'
	from /var/lib/passenger-standalone/3.0.12-x86_64-ruby1.9.3-linux-gcc4.4.6-1002/support/lib/phusion_passenger/rack/application_spawner.rb:225:in `eval'
	from /var/lib/passenger-standalone/3.0.12-x86_64-ruby1.9.3-linux-gcc4.4.6-1002/support/lib/phusion_passenger/rack/application_spawner.rb:225:in `load_rack_app'
	from /var/lib/passenger-standalone/3.0.12-x86_64-ruby1.9.3-linux-gcc4.4.6-1002/support/lib/phusion_passenger/rack/application_spawner.rb:157:in `block in initialize_server'
	from /var/lib/passenger-standalone/3.0.12-x86_64-ruby1.9.3-linux-gcc4.4.6-1002/support/lib/phusion_passenger/utils.rb:572:in `report_app_init_status'
	from /var/lib/passenger-standalone/3.0.12-x86_64-ruby1.9.3-linux-gcc4.4.6-1002/support/lib/phusion_passenger/rack/application_spawner.rb:154:in `initialize_server'
	from /var/lib/passenger-standalone/3.0.12-x86_64-ruby1.9.3-linux-gcc4.4.6-1002/support/lib/phusion_passenger/abstract_server.rb:204:in `start_synchronously'
	from /var/lib/passenger-standalone/3.0.12-x86_64-ruby1.9.3-linux-gcc4.4.6-1002/support/lib/phusion_passenger/abstract_server.rb:180:in `start'
	from /var/lib/passenger-standalone/3.0.12-x86_64-ruby1.9.3-linux-gcc4.4.6-1002/support/lib/phusion_passenger/rack/application_spawner.rb:129:in `start'
	from /var/lib/passenger-standalone/3.0.12-x86_64-ruby1.9.3-linux-gcc4.4.6-1002/support/lib/phusion_passenger/spawn_manager.rb:253:in `block (2 levels) in spawn_rack_application'
	from /var/lib/passenger-standalone/3.0.12-x86_64-ruby1.9.3-linux-gcc4.4.6-1002/support/lib/phusion_passenger/abstract_server_collection.rb:132:in `lookup_or_add'
	from /var/lib/passenger-standalone/3.0.12-x86_64-ruby1.9.3-linux-gcc4.4.6-1002/support/lib/phusion_passenger/spawn_manager.rb:246:in `block in spawn_rack_application'
	from /var/lib/passenger-standalone/3.0.12-x86_64-ruby1.9.3-linux-gcc4.4.6-1002/support/lib/phusion_passenger/abstract_server_collection.rb:82:in `block in synchronize'
	from <internal:prelude>:10:in `synchronize'
	from /var/lib/passenger-standalone/3.0.12-x86_64-ruby1.9.3-linux-gcc4.4.6-1002/support/lib/phusion_passenger/abstract_server_collection.rb:79:in `synchronize'
	from /var/lib/passenger-standalone/3.0.12-x86_64-ruby1.9.3-linux-gcc4.4.6-1002/support/lib/phusion_passenger/spawn_manager.rb:244:in `spawn_rack_application'
	from /var/lib/passenger-standalone/3.0.12-x86_64-ruby1.9.3-linux-gcc4.4.6-1002/support/lib/phusion_passenger/spawn_manager.rb:137:in `spawn_application'
	from /var/lib/passenger-standalone/3.0.12-x86_64-ruby1.9.3-linux-gcc4.4.6-1002/support/lib/phusion_passenger/spawn_manager.rb:275:in `handle_spawn_application'
	from /var/lib/passenger-standalone/3.0.12-x86_64-ruby1.9.3-linux-gcc4.4.6-1002/support/lib/phusion_passenger/abstract_server.rb:357:in `server_main_loop'
	from /var/lib/passenger-standalone/3.0.12-x86_64-ruby1.9.3-linux-gcc4.4.6-1002/support/lib/phusion_passenger/abstract_server.rb:206:in `start_synchronously'
	from /var/lib/passenger-standalone/3.0.12-x86_64-ruby1.9.3-linux-gcc4.4.6-1002/support/helper-scripts/passenger-spawn-server:99:in `<main>'
Rails Error: Unable to access log file. Please ensure that /webapps/crm/log/development.log exists and is chmod 0666. The log level has been raised to WARN and the output directed to STDERR until the problem is fixed.
[ pid=9370 thr=7579640 file=utils.rb:176 time=2012-06-29 15:35:43.158 ]: *** Exception PhusionPassenger::UnknownError in PhusionPassenger::Rack::ApplicationSpawner (FATAL:  database "crm_development" does not exist
 (PG::Error)) (process 9370, thread #<Thread:0x00000000e74ff0>):
	from /usr/local/lib/ruby/gems/1.9.1/gems/activerecord-3.2.0/lib/active_record/connection_adapters/postgresql_adapter.rb:1161:in `initialize'
	from /usr/local/lib/ruby/gems/1.9.1/gems/activerecord-3.2.0/lib/active_record/connection_adapters/postgresql_adapter.rb:1161:in `new'
	from /usr/local/lib/ruby/gems/1.9.1/gems/activerecord-3.2.0/lib/active_record/connection_adapters/postgresql_adapter.rb:1161:in `connect'
	from /usr/local/lib/ruby/gems/1.9.1/gems/activerecord-3.2.0/lib/active_record/connection_adapters/postgresql_adapter.rb:316:in `initialize'
	from /usr/local/lib/ruby/gems/1.9.1/gems/activerecord-3.2.0/lib/active_record/connection_adapters/postgresql_adapter.rb:27:in `new'
	from /usr/local/lib/ruby/gems/1.9.1/gems/activerecord-3.2.0/lib/active_record/connection_adapters/postgresql_adapter.rb:27:in `postgresql_connection'
	from /usr/local/lib/ruby/gems/1.9.1/gems/activerecord-3.2.0/lib/active_record/connection_adapters/abstract/connection_pool.rb:277:in `new_connection'
	from /usr/local/lib/ruby/gems/1.9.1/gems/activerecord-3.2.0/lib/active_record/connection_adapters/abstract/connection_pool.rb:287:in `checkout_new_connection'
	from /usr/local/lib/ruby/gems/1.9.1/gems/activerecord-3.2.0/lib/active_record/connection_adapters/abstract/connection_pool.rb:235:in `block (2 levels) in checkout'
	from /usr/local/lib/ruby/gems/1.9.1/gems/activerecord-3.2.0/lib/active_record/connection_adapters/abstract/connection_pool.rb:230:in `loop'
	from /usr/local/lib/ruby/gems/1.9.1/gems/activerecord-3.2.0/lib/active_record/connection_adapters/abstract/connection_pool.rb:230:in `block in checkout'
	from /usr/local/lib/ruby/1.9.1/monitor.rb:211:in `mon_synchronize'
	from /usr/local/lib/ruby/gems/1.9.1/gems/activerecord-3.2.0/lib/active_record/connection_adapters/abstract/connection_pool.rb:229:in `checkout'
	from /usr/local/lib/ruby/gems/1.9.1/gems/activerecord-3.2.0/lib/active_record/connection_adapters/abstract/connection_pool.rb:95:in `connection'
	from /usr/local/lib/ruby/gems/1.9.1/gems/activerecord-3.2.0/lib/active_record/connection_adapters/abstract/connection_pool.rb:374:in `retrieve_connection'
	from /usr/local/lib/ruby/gems/1.9.1/gems/activerecord-3.2.0/lib/active_record/connection_adapters/abstract/connection_specification.rb:168:in `retrieve_connection'
	from /usr/local/lib/ruby/gems/1.9.1/gems/activerecord-3.2.0/lib/active_record/connection_adapters/abstract/connection_specification.rb:142:in `connection'
	from /usr/local/lib/ruby/gems/1.9.1/gems/activerecord-3.2.0/lib/active_record/model_schema.rb:308:in `clear_cache!'
	from /usr/local/lib/ruby/gems/1.9.1/gems/activerecord-3.2.0/lib/active_record/railtie.rb:91:in `block (2 levels) in <class:Railtie>'
	from /usr/local/lib/ruby/gems/1.9.1/gems/activesupport-3.2.0/lib/active_support/callbacks.rb:418:in `_run__1096211910565440383__prepare__2667844919773474444__callbacks'
	from /usr/local/lib/ruby/gems/1.9.1/gems/activesupport-3.2.0/lib/active_support/callbacks.rb:405:in `__run_callback'
	from /usr/local/lib/ruby/gems/1.9.1/gems/activesupport-3.2.0/lib/active_support/callbacks.rb:385:in `_run_prepare_callbacks'
	from /usr/local/lib/ruby/gems/1.9.1/gems/activesupport-3.2.0/lib/active_support/callbacks.rb:81:in `run_callbacks'
	from /usr/local/lib/ruby/gems/1.9.1/gems/actionpack-3.2.0/lib/action_dispatch/middleware/reloader.rb:74:in `prepare!'
	from /usr/local/lib/ruby/gems/1.9.1/gems/actionpack-3.2.0/lib/action_dispatch/middleware/reloader.rb:48:in `prepare!'
	from /usr/local/lib/ruby/gems/1.9.1/gems/railties-3.2.0/lib/rails/application/finisher.rb:48:in `block in <module:Finisher>'
	from /usr/local/lib/ruby/gems/1.9.1/gems/railties-3.2.0/lib/rails/initializable.rb:30:in `instance_exec'
	from /usr/local/lib/ruby/gems/1.9.1/gems/railties-3.2.0/lib/rails/initializable.rb:30:in `run'
	from /usr/local/lib/ruby/gems/1.9.1/gems/railties-3.2.0/lib/rails/initializable.rb:55:in `block in run_initializers'
	from /usr/local/lib/ruby/gems/1.9.1/gems/railties-3.2.0/lib/rails/initializable.rb:54:in `each'
	from /usr/local/lib/ruby/gems/1.9.1/gems/railties-3.2.0/lib/rails/initializable.rb:54:in `run_initializers'
	from /usr/local/lib/ruby/gems/1.9.1/gems/railties-3.2.0/lib/rails/application.rb:136:in `initialize!'
	from /usr/local/lib/ruby/gems/1.9.1/gems/railties-3.2.0/lib/rails/railtie/configurable.rb:30:in `method_missing'
	from /webapps/crm/config/environment.rb:7:in `<top (required)>'
	from config.ru:3:in `require'
	from config.ru:3:in `block in <main>'
	from /usr/local/lib/ruby/gems/1.9.1/gems/rack-1.4.1/lib/rack/builder.rb:51:in `instance_eval'
	from /usr/local/lib/ruby/gems/1.9.1/gems/rack-1.4.1/lib/rack/builder.rb:51:in `initialize'
	from config.ru:1:in `new'
	from config.ru:1:in `<main>'
	from /var/lib/passenger-standalone/3.0.12-x86_64-ruby1.9.3-linux-gcc4.4.6-1002/support/lib/phusion_passenger/rack/application_spawner.rb:225:in `eval'
	from /var/lib/passenger-standalone/3.0.12-x86_64-ruby1.9.3-linux-gcc4.4.6-1002/support/lib/phusion_passenger/rack/application_spawner.rb:225:in `load_rack_app'
	from /var/lib/passenger-standalone/3.0.12-x86_64-ruby1.9.3-linux-gcc4.4.6-1002/support/lib/phusion_passenger/rack/application_spawner.rb:157:in `block in initialize_server'
	from /var/lib/passenger-standalone/3.0.12-x86_64-ruby1.9.3-linux-gcc4.4.6-1002/support/lib/phusion_passenger/utils.rb:572:in `report_app_init_status'
	from /var/lib/passenger-standalone/3.0.12-x86_64-ruby1.9.3-linux-gcc4.4.6-1002/support/lib/phusion_passenger/rack/application_spawner.rb:154:in `initialize_server'
	from /var/lib/passenger-standalone/3.0.12-x86_64-ruby1.9.3-linux-gcc4.4.6-1002/support/lib/phusion_passenger/abstract_server.rb:204:in `start_synchronously'
	from /var/lib/passenger-standalone/3.0.12-x86_64-ruby1.9.3-linux-gcc4.4.6-1002/support/lib/phusion_passenger/abstract_server.rb:180:in `start'
	from /var/lib/passenger-standalone/3.0.12-x86_64-ruby1.9.3-linux-gcc4.4.6-1002/support/lib/phusion_passenger/rack/application_spawner.rb:129:in `start'
	from /var/lib/passenger-standalone/3.0.12-x86_64-ruby1.9.3-linux-gcc4.4.6-1002/support/lib/phusion_passenger/spawn_manager.rb:253:in `block (2 levels) in spawn_rack_application'
	from /var/lib/passenger-standalone/3.0.12-x86_64-ruby1.9.3-linux-gcc4.4.6-1002/support/lib/phusion_passenger/abstract_server_collection.rb:132:in `lookup_or_add'
	from /var/lib/passenger-standalone/3.0.12-x86_64-ruby1.9.3-linux-gcc4.4.6-1002/support/lib/phusion_passenger/spawn_manager.rb:246:in `block in spawn_rack_application'
	from /var/lib/passenger-standalone/3.0.12-x86_64-ruby1.9.3-linux-gcc4.4.6-1002/support/lib/phusion_passenger/abstract_server_collection.rb:82:in `block in synchronize'
	from <internal:prelude>:10:in `synchronize'
	from /var/lib/passenger-standalone/3.0.12-x86_64-ruby1.9.3-linux-gcc4.4.6-1002/support/lib/phusion_passenger/abstract_server_collection.rb:79:in `synchronize'
	from /var/lib/passenger-standalone/3.0.12-x86_64-ruby1.9.3-linux-gcc4.4.6-1002/support/lib/phusion_passenger/spawn_manager.rb:244:in `spawn_rack_application'
	from /var/lib/passenger-standalone/3.0.12-x86_64-ruby1.9.3-linux-gcc4.4.6-1002/support/lib/phusion_passenger/spawn_manager.rb:137:in `spawn_application'
	from /var/lib/passenger-standalone/3.0.12-x86_64-ruby1.9.3-linux-gcc4.4.6-1002/support/lib/phusion_passenger/spawn_manager.rb:275:in `handle_spawn_application'
	from /var/lib/passenger-standalone/3.0.12-x86_64-ruby1.9.3-linux-gcc4.4.6-1002/support/lib/phusion_passenger/abstract_server.rb:357:in `server_main_loop'
	from /var/lib/passenger-standalone/3.0.12-x86_64-ruby1.9.3-linux-gcc4.4.6-1002/support/lib/phusion_passenger/abstract_server.rb:206:in `start_synchronously'
	from /var/lib/passenger-standalone/3.0.12-x86_64-ruby1.9.3-linux-gcc4.4.6-1002/support/helper-scripts/passenger-spawn-server:99:in `<main>'
2012/06/29 15:38:06 [error] 9528#0: *4 "/webapps/crm/log/public/index.html" is not found (2: No such file or directory), client: 127.0.0.1, server: _, request: "HEAD / HTTP/1.1", host: "0.0.0.0"
[ pid=9575 thr=16095220 file=utils.rb:176 time=2012-06-29 15:38:50.646 ]: *** Exception PhusionPassenger::UnknownError in PhusionPassenger::Rack::ApplicationSpawner (FATAL:  database "crm_development" does not exist
 (PG::Error)) (process 9575, thread #<Thread:0x00000001eb2fe8>):
	from /usr/local/lib/ruby/gems/1.9.1/gems/activerecord-3.2.0/lib/active_record/connection_adapters/postgresql_adapter.rb:1161:in `initialize'
	from /usr/local/lib/ruby/gems/1.9.1/gems/activerecord-3.2.0/lib/active_record/connection_adapters/postgresql_adapter.rb:1161:in `new'
	from /usr/local/lib/ruby/gems/1.9.1/gems/activerecord-3.2.0/lib/active_record/connection_adapters/postgresql_adapter.rb:1161:in `connect'
	from /usr/local/lib/ruby/gems/1.9.1/gems/activerecord-3.2.0/lib/active_record/connection_adapters/postgresql_adapter.rb:316:in `initialize'
	from /usr/local/lib/ruby/gems/1.9.1/gems/activerecord-3.2.0/lib/active_record/connection_adapters/postgresql_adapter.rb:27:in `new'
	from /usr/local/lib/ruby/gems/1.9.1/gems/activerecord-3.2.0/lib/active_record/connection_adapters/postgresql_adapter.rb:27:in `postgresql_connection'
	from /usr/local/lib/ruby/gems/1.9.1/gems/activerecord-3.2.0/lib/active_record/connection_adapters/abstract/connection_pool.rb:277:in `new_connection'
	from /usr/local/lib/ruby/gems/1.9.1/gems/activerecord-3.2.0/lib/active_record/connection_adapters/abstract/connection_pool.rb:287:in `checkout_new_connection'
	from /usr/local/lib/ruby/gems/1.9.1/gems/activerecord-3.2.0/lib/active_record/connection_adapters/abstract/connection_pool.rb:235:in `block (2 levels) in checkout'
	from /usr/local/lib/ruby/gems/1.9.1/gems/activerecord-3.2.0/lib/active_record/connection_adapters/abstract/connection_pool.rb:230:in `loop'
	from /usr/local/lib/ruby/gems/1.9.1/gems/activerecord-3.2.0/lib/active_record/connection_adapters/abstract/connection_pool.rb:230:in `block in checkout'
	from /usr/local/lib/ruby/1.9.1/monitor.rb:211:in `mon_synchronize'
	from /usr/local/lib/ruby/gems/1.9.1/gems/activerecord-3.2.0/lib/active_record/connection_adapters/abstract/connection_pool.rb:229:in `checkout'
	from /usr/local/lib/ruby/gems/1.9.1/gems/activerecord-3.2.0/lib/active_record/connection_adapters/abstract/connection_pool.rb:95:in `connection'
	from /usr/local/lib/ruby/gems/1.9.1/gems/activerecord-3.2.0/lib/active_record/connection_adapters/abstract/connection_pool.rb:374:in `retrieve_connection'
	from /usr/local/lib/ruby/gems/1.9.1/gems/activerecord-3.2.0/lib/active_record/connection_adapters/abstract/connection_specification.rb:168:in `retrieve_connection'
	from /usr/local/lib/ruby/gems/1.9.1/gems/activerecord-3.2.0/lib/active_record/connection_adapters/abstract/connection_specification.rb:142:in `connection'
	from /usr/local/lib/ruby/gems/1.9.1/gems/activerecord-3.2.0/lib/active_record/model_schema.rb:308:in `clear_cache!'
	from /usr/local/lib/ruby/gems/1.9.1/gems/activerecord-3.2.0/lib/active_record/railtie.rb:91:in `block (2 levels) in <class:Railtie>'
	from /usr/local/lib/ruby/gems/1.9.1/gems/activesupport-3.2.0/lib/active_support/callbacks.rb:418:in `_run__2791316839599074038__prepare__2521122986921755266__callbacks'
	from /usr/local/lib/ruby/gems/1.9.1/gems/activesupport-3.2.0/lib/active_support/callbacks.rb:405:in `__run_callback'
	from /usr/local/lib/ruby/gems/1.9.1/gems/activesupport-3.2.0/lib/active_support/callbacks.rb:385:in `_run_prepare_callbacks'
	from /usr/local/lib/ruby/gems/1.9.1/gems/activesupport-3.2.0/lib/active_support/callbacks.rb:81:in `run_callbacks'
	from /usr/local/lib/ruby/gems/1.9.1/gems/actionpack-3.2.0/lib/action_dispatch/middleware/reloader.rb:74:in `prepare!'
	from /usr/local/lib/ruby/gems/1.9.1/gems/actionpack-3.2.0/lib/action_dispatch/middleware/reloader.rb:48:in `prepare!'
	from /usr/local/lib/ruby/gems/1.9.1/gems/railties-3.2.0/lib/rails/application/finisher.rb:48:in `block in <module:Finisher>'
	from /usr/local/lib/ruby/gems/1.9.1/gems/railties-3.2.0/lib/rails/initializable.rb:30:in `instance_exec'
	from /usr/local/lib/ruby/gems/1.9.1/gems/railties-3.2.0/lib/rails/initializable.rb:30:in `run'
	from /usr/local/lib/ruby/gems/1.9.1/gems/railties-3.2.0/lib/rails/initializable.rb:55:in `block in run_initializers'
	from /usr/local/lib/ruby/gems/1.9.1/gems/railties-3.2.0/lib/rails/initializable.rb:54:in `each'
	from /usr/local/lib/ruby/gems/1.9.1/gems/railties-3.2.0/lib/rails/initializable.rb:54:in `run_initializers'
	from /usr/local/lib/ruby/gems/1.9.1/gems/railties-3.2.0/lib/rails/application.rb:136:in `initialize!'
	from /usr/local/lib/ruby/gems/1.9.1/gems/railties-3.2.0/lib/rails/railtie/configurable.rb:30:in `method_missing'
	from /webapps/crm/config/environment.rb:7:in `<top (required)>'
	from config.ru:3:in `require'
	from config.ru:3:in `block in <main>'
	from /usr/local/lib/ruby/gems/1.9.1/gems/rack-1.4.1/lib/rack/builder.rb:51:in `instance_eval'
	from /usr/local/lib/ruby/gems/1.9.1/gems/rack-1.4.1/lib/rack/builder.rb:51:in `initialize'
	from config.ru:1:in `new'
	from config.ru:1:in `<main>'
	from /var/lib/passenger-standalone/3.0.12-x86_64-ruby1.9.3-linux-gcc4.4.6-1002/support/lib/phusion_passenger/rack/application_spawner.rb:225:in `eval'
	from /var/lib/passenger-standalone/3.0.12-x86_64-ruby1.9.3-linux-gcc4.4.6-1002/support/lib/phusion_passenger/rack/application_spawner.rb:225:in `load_rack_app'
	from /var/lib/passenger-standalone/3.0.12-x86_64-ruby1.9.3-linux-gcc4.4.6-1002/support/lib/phusion_passenger/rack/application_spawner.rb:157:in `block in initialize_server'
	from /var/lib/passenger-standalone/3.0.12-x86_64-ruby1.9.3-linux-gcc4.4.6-1002/support/lib/phusion_passenger/utils.rb:572:in `report_app_init_status'
	from /var/lib/passenger-standalone/3.0.12-x86_64-ruby1.9.3-linux-gcc4.4.6-1002/support/lib/phusion_passenger/rack/application_spawner.rb:154:in `initialize_server'
	from /var/lib/passenger-standalone/3.0.12-x86_64-ruby1.9.3-linux-gcc4.4.6-1002/support/lib/phusion_passenger/abstract_server.rb:204:in `start_synchronously'
	from /var/lib/passenger-standalone/3.0.12-x86_64-ruby1.9.3-linux-gcc4.4.6-1002/support/lib/phusion_passenger/abstract_server.rb:180:in `start'
	from /var/lib/passenger-standalone/3.0.12-x86_64-ruby1.9.3-linux-gcc4.4.6-1002/support/lib/phusion_passenger/rack/application_spawner.rb:129:in `start'
	from /var/lib/passenger-standalone/3.0.12-x86_64-ruby1.9.3-linux-gcc4.4.6-1002/support/lib/phusion_passenger/spawn_manager.rb:253:in `block (2 levels) in spawn_rack_application'
	from /var/lib/passenger-standalone/3.0.12-x86_64-ruby1.9.3-linux-gcc4.4.6-1002/support/lib/phusion_passenger/abstract_server_collection.rb:132:in `lookup_or_add'
	from /var/lib/passenger-standalone/3.0.12-x86_64-ruby1.9.3-linux-gcc4.4.6-1002/support/lib/phusion_passenger/spawn_manager.rb:246:in `block in spawn_rack_application'
	from /var/lib/passenger-standalone/3.0.12-x86_64-ruby1.9.3-linux-gcc4.4.6-1002/support/lib/phusion_passenger/abstract_server_collection.rb:82:in `block in synchronize'
	from <internal:prelude>:10:in `synchronize'
	from /var/lib/passenger-standalone/3.0.12-x86_64-ruby1.9.3-linux-gcc4.4.6-1002/support/lib/phusion_passenger/abstract_server_collection.rb:79:in `synchronize'
	from /var/lib/passenger-standalone/3.0.12-x86_64-ruby1.9.3-linux-gcc4.4.6-1002/support/lib/phusion_passenger/spawn_manager.rb:244:in `spawn_rack_application'
	from /var/lib/passenger-standalone/3.0.12-x86_64-ruby1.9.3-linux-gcc4.4.6-1002/support/lib/phusion_passenger/spawn_manager.rb:137:in `spawn_application'
	from /var/lib/passenger-standalone/3.0.12-x86_64-ruby1.9.3-linux-gcc4.4.6-1002/support/lib/phusion_passenger/spawn_manager.rb:275:in `handle_spawn_application'
	from /var/lib/passenger-standalone/3.0.12-x86_64-ruby1.9.3-linux-gcc4.4.6-1002/support/lib/phusion_passenger/abstract_server.rb:357:in `server_main_loop'
	from /var/lib/passenger-standalone/3.0.12-x86_64-ruby1.9.3-linux-gcc4.4.6-1002/support/lib/phusion_passenger/abstract_server.rb:206:in `start_synchronously'
	from /var/lib/passenger-standalone/3.0.12-x86_64-ruby1.9.3-linux-gcc4.4.6-1002/support/helper-scripts/passenger-spawn-server:99:in `<main>'
